[2024-06-20T15:04:21.975+0000] {manager.py:470} INFO - Processing files using up to 2 processes at a time 
[2024-06-20T15:04:21.984+0000] {manager.py:471} INFO - Process each file at most once every 30 seconds
[2024-06-20T15:04:22.000+0000] {manager.py:472} INFO - Checking for new files in /opt/airflow/dags every 300 seconds
[2024-06-20T15:04:22.006+0000] {manager.py:737} INFO - Searching for files in /opt/airflow/dags
[2024-06-20T15:04:22.231+0000] {manager.py:740} INFO - There are 2 files in /opt/airflow/dags
[2024-06-20T15:04:22.658+0000] {manager.py:878} INFO - 
================================================================================
DAG File Processing Stats

File Path                             PID  Runtime      # DAGs    # Errors  Last Runtime    Last Run
----------------------------------  -----  ---------  --------  ----------  --------------  ----------
/opt/airflow/dags/postgres_dag.py      25  0.29s             0           0
/opt/airflow/dags/snowflake_dag.py     26  0.27s             0           0
================================================================================
[2024-06-20T15:04:53.296+0000] {manager.py:878} INFO - 
================================================================================
DAG File Processing Stats

File Path                             PID  Runtime      # DAGs    # Errors  Last Runtime    Last Run
----------------------------------  -----  ---------  --------  ----------  --------------  -------------------
/opt/airflow/dags/postgres_dag.py                            1           0  5.98s           2024-06-20T15:04:28
/opt/airflow/dags/snowflake_dag.py     26  30.92s            0           0
================================================================================
[2024-06-20T15:05:12.449+0000] {manager.py:1203} ERROR - Processor for /opt/airflow/dags/snowflake_dag.py with PID 26 started at 2024-06-20T15:04:22.376838+00:00 has timed out, killing it.
[2024-06-20T15:45:48.859+0000] {manager.py:470} INFO - Processing files using up to 2 processes at a time 
[2024-06-20T15:45:48.867+0000] {manager.py:471} INFO - Process each file at most once every 30 seconds
[2024-06-20T15:45:48.883+0000] {manager.py:472} INFO - Checking for new files in /opt/airflow/dags every 300 seconds
[2024-06-20T15:45:48.911+0000] {manager.py:737} INFO - Searching for files in /opt/airflow/dags
[2024-06-20T15:45:49.114+0000] {manager.py:740} INFO - There are 2 files in /opt/airflow/dags
[2024-06-20T15:45:50.096+0000] {manager.py:878} INFO - 
================================================================================
DAG File Processing Stats

File Path                             PID  Runtime      # DAGs    # Errors  Last Runtime    Last Run
----------------------------------  -----  ---------  --------  ----------  --------------  ----------
/opt/airflow/dags/postgres_dag.py      25  0.47s             0           0
/opt/airflow/dags/snowflake_dag.py     26  0.34s             0           0
================================================================================
[2024-06-20T15:46:20.730+0000] {manager.py:878} INFO - 
================================================================================
DAG File Processing Stats

File Path                           PID    Runtime      # DAGs    # Errors  Last Runtime    Last Run
----------------------------------  -----  ---------  --------  ----------  --------------  -------------------
/opt/airflow/dags/snowflake_dag.py                           1           0  26.17s          2024-06-20T15:46:15
/opt/airflow/dags/postgres_dag.py                            1           0  16.21s          2024-06-20T15:46:05
================================================================================
[2024-06-20T15:46:50.766+0000] {manager.py:878} INFO - 
================================================================================
DAG File Processing Stats

File Path                             PID  Runtime      # DAGs    # Errors  Last Runtime    Last Run
----------------------------------  -----  ---------  --------  ----------  --------------  -------------------
/opt/airflow/dags/snowflake_dag.py     32  4.07s             1           0  26.17s          2024-06-20T15:46:15
/opt/airflow/dags/postgres_dag.py                            1           0  8.97s           2024-06-20T15:46:44
================================================================================
[2024-06-20T15:47:21.171+0000] {manager.py:878} INFO - 
================================================================================
DAG File Processing Stats

File Path                           PID    Runtime      # DAGs    # Errors  Last Runtime    Last Run
----------------------------------  -----  ---------  --------  ----------  --------------  -------------------
/opt/airflow/dags/snowflake_dag.py                           1           0  7.85s           2024-06-20T15:46:54
/opt/airflow/dags/postgres_dag.py                            1           0  3.58s           2024-06-20T15:47:18
================================================================================
[2024-06-20T15:47:51.302+0000] {manager.py:878} INFO - 
================================================================================
DAG File Processing Stats

File Path                             PID  Runtime      # DAGs    # Errors  Last Runtime    Last Run
----------------------------------  -----  ---------  --------  ----------  --------------  -------------------
/opt/airflow/dags/snowflake_dag.py                           1           0  8.80s           2024-06-20T15:47:33
/opt/airflow/dags/postgres_dag.py      40  2.22s             1           0  3.58s           2024-06-20T15:47:18
================================================================================
[2024-06-20T15:48:21.859+0000] {manager.py:878} INFO - 
================================================================================
DAG File Processing Stats

File Path                           PID    Runtime      # DAGs    # Errors  Last Runtime    Last Run
----------------------------------  -----  ---------  --------  ----------  --------------  -------------------
/opt/airflow/dags/postgres_dag.py                            1           0  13.19s          2024-06-20T15:48:02
/opt/airflow/dags/snowflake_dag.py                           1           0  10.19s          2024-06-20T15:48:14
================================================================================
[2024-06-20T15:48:51.886+0000] {manager.py:878} INFO - 
================================================================================
DAG File Processing Stats

File Path                           PID    Runtime      # DAGs    # Errors  Last Runtime    Last Run
----------------------------------  -----  ---------  --------  ----------  --------------  -------------------
/opt/airflow/dags/postgres_dag.py                            1           0  7.59s           2024-06-20T15:48:40
/opt/airflow/dags/snowflake_dag.py                           1           0  6.94s           2024-06-20T15:48:51
================================================================================
[2024-06-20T15:49:22.003+0000] {manager.py:878} INFO - 
================================================================================
DAG File Processing Stats

File Path                             PID  Runtime      # DAGs    # Errors  Last Runtime    Last Run
----------------------------------  -----  ---------  --------  ----------  --------------  -------------------
/opt/airflow/dags/postgres_dag.py      50  11.51s            1           0  7.59s           2024-06-20T15:48:40
/opt/airflow/dags/snowflake_dag.py     52  0.02s             1           0  6.94s           2024-06-20T15:48:51
================================================================================
[2024-06-20T15:49:52.837+0000] {manager.py:878} INFO - 
================================================================================
DAG File Processing Stats

File Path                           PID    Runtime      # DAGs    # Errors  Last Runtime    Last Run
----------------------------------  -----  ---------  --------  ----------  --------------  -------------------
/opt/airflow/dags/postgres_dag.py                            1           0  20.24s          2024-06-20T15:49:30
/opt/airflow/dags/snowflake_dag.py                           1           0  14.12s          2024-06-20T15:49:36
================================================================================
[2024-06-20T15:50:23.218+0000] {manager.py:878} INFO - 
================================================================================
DAG File Processing Stats

File Path                           PID    Runtime      # DAGs    # Errors  Last Runtime    Last Run
----------------------------------  -----  ---------  --------  ----------  --------------  -------------------
/opt/airflow/dags/snowflake_dag.py                           1           0  11.35s          2024-06-20T15:50:17
/opt/airflow/dags/postgres_dag.py                            1           0  11.01s          2024-06-20T15:50:12
================================================================================
[2024-06-20T15:50:49.498+0000] {manager.py:737} INFO - Searching for files in /opt/airflow/dags
[2024-06-20T15:50:49.637+0000] {manager.py:740} INFO - There are 2 files in /opt/airflow/dags
[2024-06-20T15:50:53.823+0000] {manager.py:878} INFO - 
================================================================================
DAG File Processing Stats

File Path                             PID  Runtime      # DAGs    # Errors  Last Runtime    Last Run
----------------------------------  -----  ---------  --------  ----------  --------------  -------------------
/opt/airflow/dags/snowflake_dag.py     62  5.38s             1           0  11.35s          2024-06-20T15:50:17
/opt/airflow/dags/postgres_dag.py                            1           0  10.33s          2024-06-20T15:50:52
================================================================================
[2024-06-20T15:51:24.269+0000] {manager.py:878} INFO - 
================================================================================
DAG File Processing Stats

File Path                             PID  Runtime      # DAGs    # Errors  Last Runtime    Last Run
----------------------------------  -----  ---------  --------  ----------  --------------  -------------------
/opt/airflow/dags/snowflake_dag.py                           1           0  16.46s          2024-06-20T15:51:04
/opt/airflow/dags/postgres_dag.py      65  1.04s             1           0  10.33s          2024-06-20T15:50:52
================================================================================
[2024-06-20T15:51:54.642+0000] {manager.py:878} INFO - 
================================================================================
DAG File Processing Stats

File Path                           PID    Runtime      # DAGs    # Errors  Last Runtime    Last Run
----------------------------------  -----  ---------  --------  ----------  --------------  -------------------
/opt/airflow/dags/postgres_dag.py                            1           0  12.37s          2024-06-20T15:51:35
/opt/airflow/dags/snowflake_dag.py                           1           0  11.75s          2024-06-20T15:51:47
================================================================================
[2024-06-20T15:52:24.727+0000] {manager.py:878} INFO - 
================================================================================
DAG File Processing Stats

File Path                             PID  Runtime      # DAGs    # Errors  Last Runtime    Last Run
----------------------------------  -----  ---------  --------  ----------  --------------  -------------------
/opt/airflow/dags/snowflake_dag.py     72  6.51s             1           0  11.75s          2024-06-20T15:51:47
/opt/airflow/dags/postgres_dag.py                            1           0  7.83s           2024-06-20T15:52:14
================================================================================
[2024-06-20T15:52:55.485+0000] {manager.py:878} INFO - 
================================================================================
DAG File Processing Stats

File Path                           PID    Runtime      # DAGs    # Errors  Last Runtime    Last Run
----------------------------------  -----  ---------  --------  ----------  --------------  -------------------
/opt/airflow/dags/snowflake_dag.py                           1           0  13.06s          2024-06-20T15:52:31
/opt/airflow/dags/postgres_dag.py                            1           0  6.22s           2024-06-20T15:52:51
================================================================================
[2024-06-20T15:53:25.607+0000] {manager.py:878} INFO - 
================================================================================
DAG File Processing Stats

File Path                             PID  Runtime      # DAGs    # Errors  Last Runtime    Last Run
----------------------------------  -----  ---------  --------  ----------  --------------  -------------------
/opt/airflow/dags/snowflake_dag.py                           1           0  11.99s          2024-06-20T15:53:14
/opt/airflow/dags/postgres_dag.py      80  3.45s             1           0  6.22s           2024-06-20T15:52:51
================================================================================
[2024-06-20T15:53:55.626+0000] {manager.py:878} INFO - 
================================================================================
DAG File Processing Stats

File Path                             PID  Runtime      # DAGs    # Errors  Last Runtime    Last Run
----------------------------------  -----  ---------  --------  ----------  --------------  -------------------
/opt/airflow/dags/snowflake_dag.py     82  9.83s             1           0  11.99s          2024-06-20T15:53:14
/opt/airflow/dags/postgres_dag.py                            1           0  6.78s           2024-06-20T15:53:28
================================================================================
[2024-06-20T15:54:26.175+0000] {manager.py:878} INFO - 
================================================================================
DAG File Processing Stats

File Path                           PID    Runtime      # DAGs    # Errors  Last Runtime    Last Run
----------------------------------  -----  ---------  --------  ----------  --------------  -------------------
/opt/airflow/dags/snowflake_dag.py                           1           0  15.13s          2024-06-20T15:54:00
/opt/airflow/dags/postgres_dag.py                            1           0  5.77s           2024-06-20T15:54:05
================================================================================
[2024-06-20T15:54:56.298+0000] {manager.py:878} INFO - 
================================================================================
DAG File Processing Stats

File Path                           PID    Runtime      # DAGs    # Errors  Last Runtime    Last Run
----------------------------------  -----  ---------  --------  ----------  --------------  -------------------
/opt/airflow/dags/snowflake_dag.py                           1           0  13.19s          2024-06-20T15:54:44
/opt/airflow/dags/postgres_dag.py                            1           0  6.78s           2024-06-20T15:54:42
================================================================================
[2024-06-20T15:55:26.362+0000] {manager.py:878} INFO - 
================================================================================
DAG File Processing Stats

File Path                           PID    Runtime      # DAGs    # Errors  Last Runtime    Last Run
----------------------------------  -----  ---------  --------  ----------  --------------  -------------------
/opt/airflow/dags/snowflake_dag.py                           1           0  3.95s           2024-06-20T15:55:19
/opt/airflow/dags/postgres_dag.py                            1           0  3.12s           2024-06-20T15:55:16
================================================================================
[2024-06-20T15:55:49.877+0000] {manager.py:737} INFO - Searching for files in /opt/airflow/dags
[2024-06-20T15:55:50.100+0000] {manager.py:740} INFO - There are 2 files in /opt/airflow/dags
[2024-06-20T15:55:56.622+0000] {manager.py:878} INFO - 
================================================================================
DAG File Processing Stats

File Path                           PID    Runtime      # DAGs    # Errors  Last Runtime    Last Run
----------------------------------  -----  ---------  --------  ----------  --------------  -------------------
/opt/airflow/dags/snowflake_dag.py                           1           0  3.67s           2024-06-20T15:55:53
/opt/airflow/dags/postgres_dag.py                            1           0  2.80s           2024-06-20T15:55:49
================================================================================
[2024-06-20T15:56:27.297+0000] {manager.py:878} INFO - 
================================================================================
DAG File Processing Stats

File Path                             PID  Runtime      # DAGs    # Errors  Last Runtime    Last Run
----------------------------------  -----  ---------  --------  ----------  --------------  -------------------
/opt/airflow/dags/postgres_dag.py                            1           0  5.65s           2024-06-20T15:56:25
/opt/airflow/dags/snowflake_dag.py    104  3.37s             1           0  3.67s           2024-06-20T15:55:53
================================================================================
[2024-06-20T15:56:57.475+0000] {manager.py:878} INFO - 
================================================================================
DAG File Processing Stats

File Path                             PID  Runtime      # DAGs    # Errors  Last Runtime    Last Run
----------------------------------  -----  ---------  --------  ----------  --------------  -------------------
/opt/airflow/dags/snowflake_dag.py                           1           0  9.41s           2024-06-20T15:56:33
/opt/airflow/dags/postgres_dag.py     107  1.62s             1           0  5.65s           2024-06-20T15:56:25
================================================================================
[2024-06-20T15:57:28.248+0000] {manager.py:878} INFO - 
================================================================================
DAG File Processing Stats

File Path                           PID    Runtime      # DAGs    # Errors  Last Runtime    Last Run
----------------------------------  -----  ---------  --------  ----------  --------------  -------------------
/opt/airflow/dags/snowflake_dag.py                           1           0  7.82s           2024-06-20T15:57:11
/opt/airflow/dags/postgres_dag.py                            1           0  4.68s           2024-06-20T15:57:00
================================================================================
[2024-06-20T15:57:58.229+0000] {manager.py:878} INFO - 
================================================================================
DAG File Processing Stats

File Path                             PID  Runtime      # DAGs    # Errors  Last Runtime    Last Run
----------------------------------  -----  ---------  --------  ----------  --------------  -------------------
/opt/airflow/dags/snowflake_dag.py    114  15.86s            1           0  7.82s           2024-06-20T15:57:11
/opt/airflow/dags/postgres_dag.py                            1           0  7.38s           2024-06-20T15:57:38
================================================================================
[2024-06-20T15:58:28.293+0000] {manager.py:878} INFO - 
================================================================================
DAG File Processing Stats

File Path                           PID    Runtime      # DAGs    # Errors  Last Runtime    Last Run
----------------------------------  -----  ---------  --------  ----------  --------------  -------------------
/opt/airflow/dags/snowflake_dag.py                           1           0  25.97s          2024-06-20T15:58:08
/opt/airflow/dags/postgres_dag.py                            1           0  6.34s           2024-06-20T15:58:15
================================================================================
[2024-06-20T15:58:58.562+0000] {manager.py:878} INFO - 
================================================================================
DAG File Processing Stats

File Path                             PID  Runtime      # DAGs    # Errors  Last Runtime    Last Run
----------------------------------  -----  ---------  --------  ----------  --------------  -------------------
/opt/airflow/dags/snowflake_dag.py    119  19.95s            1           0  25.97s          2024-06-20T15:58:08
/opt/airflow/dags/postgres_dag.py     121  12.13s            1           0  6.34s           2024-06-20T15:58:15
================================================================================
[2024-06-20T15:59:28.740+0000] {manager.py:878} INFO - 
================================================================================
DAG File Processing Stats

File Path                           PID    Runtime      # DAGs    # Errors  Last Runtime    Last Run
----------------------------------  -----  ---------  --------  ----------  --------------  -------------------
/opt/airflow/dags/snowflake_dag.py                           1           0  32.40s          2024-06-20T15:59:11
/opt/airflow/dags/postgres_dag.py                            1           0  14.31s          2024-06-20T15:59:00
================================================================================
[2024-06-20T15:59:59.151+0000] {manager.py:878} INFO - 
================================================================================
DAG File Processing Stats

File Path                             PID  Runtime      # DAGs    # Errors  Last Runtime    Last Run
----------------------------------  -----  ---------  --------  ----------  --------------  -------------------
/opt/airflow/dags/snowflake_dag.py    126  17.09s            1           0  32.40s          2024-06-20T15:59:11
/opt/airflow/dags/postgres_dag.py                            1           0  12.95s          2024-06-20T15:59:44
================================================================================
[2024-06-20T16:00:29.608+0000] {manager.py:878} INFO - 
================================================================================
DAG File Processing Stats

File Path                             PID  Runtime      # DAGs    # Errors  Last Runtime    Last Run
----------------------------------  -----  ---------  --------  ----------  --------------  -------------------
/opt/airflow/dags/snowflake_dag.py                           1           0  18.57s          2024-06-20T16:00:00
/opt/airflow/dags/postgres_dag.py     129  14.95s            1           0  12.95s          2024-06-20T15:59:44
================================================================================
[2024-06-20T16:00:50.504+0000] {manager.py:737} INFO - Searching for files in /opt/airflow/dags
[2024-06-20T16:00:52.475+0000] {manager.py:740} INFO - There are 2 files in /opt/airflow/dags
[2024-06-20T16:01:00.383+0000] {manager.py:878} INFO - 
================================================================================
DAG File Processing Stats

File Path                             PID  Runtime      # DAGs    # Errors  Last Runtime    Last Run
----------------------------------  -----  ---------  --------  ----------  --------------  -------------------
/opt/airflow/dags/postgres_dag.py                            1           0  21.96s          2024-06-20T16:00:36
/opt/airflow/dags/snowflake_dag.py    131  28.47s            1           0  18.57s          2024-06-20T16:00:00
================================================================================
[2024-06-20T16:01:05.497+0000] {manager.py:1016} ERROR - Processor for /opt/airflow/dags/snowflake_dag.py exited with return code 1.
[2024-06-20T16:01:30.537+0000] {manager.py:878} INFO - 
================================================================================
DAG File Processing Stats

File Path                             PID  Runtime      # DAGs    # Errors  Last Runtime    Last Run
----------------------------------  -----  ---------  --------  ----------  --------------  -------------------
/opt/airflow/dags/snowflake_dag.py                           0          -1  33.52s          2024-06-20T16:01:05
/opt/airflow/dags/postgres_dag.py     134  23.58s            1           0  21.96s          2024-06-20T16:00:36
================================================================================
[2024-06-20T16:02:00.834+0000] {manager.py:878} INFO - 
================================================================================
DAG File Processing Stats

File Path                           PID    Runtime      # DAGs    # Errors  Last Runtime    Last Run
----------------------------------  -----  ---------  --------  ----------  --------------  -------------------
/opt/airflow/dags/postgres_dag.py                            1           0  29.14s          2024-06-20T16:01:36
/opt/airflow/dags/snowflake_dag.py                           1           0  14.36s          2024-06-20T16:01:50
================================================================================
[2024-06-20T16:02:26.834+0000] {manager.py:452} INFO - Exiting gracefully upon receiving signal 15
[2024-06-20T16:02:27.255+0000] {manager.py:452} INFO - Exiting gracefully upon receiving signal 15
[2024-06-20T16:02:37.421+0000] {manager.py:452} INFO - Exiting gracefully upon receiving signal 15
[2024-06-21T05:15:27.918+0000] {manager.py:470} INFO - Processing files using up to 2 processes at a time 
[2024-06-21T05:15:28.379+0000] {manager.py:471} INFO - Process each file at most once every 30 seconds
[2024-06-21T05:15:28.384+0000] {manager.py:472} INFO - Checking for new files in /opt/airflow/dags every 300 seconds
[2024-06-21T05:15:28.387+0000] {manager.py:737} INFO - Searching for files in /opt/airflow/dags
[2024-06-21T05:15:34.089+0000] {manager.py:740} INFO - There are 2 files in /opt/airflow/dags
[2024-06-21T05:15:37.923+0000] {manager.py:878} INFO - 
================================================================================
DAG File Processing Stats

File Path                             PID  Runtime      # DAGs    # Errors  Last Runtime    Last Run
----------------------------------  -----  ---------  --------  ----------  --------------  ----------
/opt/airflow/dags/postgres_dag.py      25  0.32s             0           0
/opt/airflow/dags/snowflake_dag.py     26  0.30s             0           0
================================================================================
[2024-06-21T05:16:07.950+0000] {manager.py:878} INFO - 
================================================================================
DAG File Processing Stats

File Path                             PID  Runtime      # DAGs    # Errors  Last Runtime    Last Run
----------------------------------  -----  ---------  --------  ----------  --------------  -------------------
/opt/airflow/dags/postgres_dag.py                            1           0  25.80s          2024-06-21T05:16:03
/opt/airflow/dags/snowflake_dag.py     26  30.33s            0           0
================================================================================
[2024-06-21T05:16:09.193+0000] {manager.py:1016} ERROR - Processor for /opt/airflow/dags/snowflake_dag.py exited with return code 1.
[2024-06-21T05:16:38.211+0000] {manager.py:878} INFO - 
================================================================================
DAG File Processing Stats

File Path                             PID  Runtime      # DAGs    # Errors  Last Runtime    Last Run
----------------------------------  -----  ---------  --------  ----------  --------------  -------------------
/opt/airflow/dags/snowflake_dag.py                           0          -1  31.58s          2024-06-21T05:16:09
/opt/airflow/dags/postgres_dag.py      30  4.54s             1           0  25.80s          2024-06-21T05:16:03
================================================================================
[2024-06-21T05:35:19.619+0000] {manager.py:470} INFO - Processing files using up to 2 processes at a time 
[2024-06-21T05:35:19.622+0000] {manager.py:471} INFO - Process each file at most once every 30 seconds
[2024-06-21T05:35:19.627+0000] {manager.py:472} INFO - Checking for new files in /opt/airflow/dags every 300 seconds
[2024-06-21T05:35:19.630+0000] {manager.py:737} INFO - Searching for files in /opt/airflow/dags
[2024-06-21T05:35:19.804+0000] {manager.py:740} INFO - There are 2 files in /opt/airflow/dags
[2024-06-21T05:35:20.477+0000] {manager.py:878} INFO - 
================================================================================
DAG File Processing Stats

File Path                             PID  Runtime      # DAGs    # Errors  Last Runtime    Last Run
----------------------------------  -----  ---------  --------  ----------  --------------  ----------
/opt/airflow/dags/postgres_dag.py      25  0.56s             0           0
/opt/airflow/dags/snowflake_dag.py     26  0.51s             0           0
================================================================================
[2024-06-21T05:35:51.291+0000] {manager.py:878} INFO - 
================================================================================
DAG File Processing Stats

File Path                           PID    Runtime      # DAGs    # Errors  Last Runtime    Last Run
----------------------------------  -----  ---------  --------  ----------  --------------  -------------------
/opt/airflow/dags/snowflake_dag.py                           1           0  14.52s          2024-06-21T05:35:34
/opt/airflow/dags/postgres_dag.py                            1           0  9.48s           2024-06-21T05:35:29
================================================================================
[2024-06-21T05:36:21.396+0000] {manager.py:878} INFO - 
================================================================================
DAG File Processing Stats

File Path                           PID    Runtime      # DAGs    # Errors  Last Runtime    Last Run
----------------------------------  -----  ---------  --------  ----------  --------------  -------------------
/opt/airflow/dags/snowflake_dag.py                           1           0  4.66s           2024-06-21T05:36:09
/opt/airflow/dags/postgres_dag.py                            1           0  3.74s           2024-06-21T05:36:03
================================================================================
[2024-06-21T05:36:51.944+0000] {manager.py:878} INFO - 
================================================================================
DAG File Processing Stats

File Path                           PID    Runtime      # DAGs    # Errors  Last Runtime    Last Run
----------------------------------  -----  ---------  --------  ----------  --------------  -------------------
/opt/airflow/dags/snowflake_dag.py                           1           0  3.69s           2024-06-21T05:36:43
/opt/airflow/dags/postgres_dag.py                            1           0  1.25s           2024-06-21T05:36:34
================================================================================
[2024-06-21T05:37:22.045+0000] {manager.py:878} INFO - 
================================================================================
DAG File Processing Stats

File Path                           PID    Runtime      # DAGs    # Errors  Last Runtime    Last Run
----------------------------------  -----  ---------  --------  ----------  --------------  -------------------
/opt/airflow/dags/snowflake_dag.py                           1           0  4.37s           2024-06-21T05:37:17
/opt/airflow/dags/postgres_dag.py                            1           0  1.48s           2024-06-21T05:37:06
================================================================================
[2024-06-21T05:37:52.195+0000] {manager.py:878} INFO - 
================================================================================
DAG File Processing Stats

File Path                           PID    Runtime      # DAGs    # Errors  Last Runtime    Last Run
----------------------------------  -----  ---------  --------  ----------  --------------  -------------------
/opt/airflow/dags/snowflake_dag.py                           1           0  2.97s           2024-06-21T05:37:51
/opt/airflow/dags/postgres_dag.py                            1           0  1.00s           2024-06-21T05:37:38
================================================================================
[2024-06-21T05:38:22.595+0000] {manager.py:878} INFO - 
================================================================================
DAG File Processing Stats

File Path                             PID  Runtime      # DAGs    # Errors  Last Runtime    Last Run
----------------------------------  -----  ---------  --------  ----------  --------------  -------------------
/opt/airflow/dags/snowflake_dag.py     52  1.02s             1           0  2.97s           2024-06-21T05:37:51
/opt/airflow/dags/postgres_dag.py                            1           0  1.02s           2024-06-21T05:38:09
================================================================================
[2024-06-21T05:38:52.923+0000] {manager.py:878} INFO - 
================================================================================
DAG File Processing Stats

File Path                           PID    Runtime      # DAGs    # Errors  Last Runtime    Last Run
----------------------------------  -----  ---------  --------  ----------  --------------  -------------------
/opt/airflow/dags/postgres_dag.py                            1           0  6.33s           2024-06-21T05:38:46
/opt/airflow/dags/snowflake_dag.py                           1           0  4.46s           2024-06-21T05:38:26
================================================================================
[2024-06-21T05:39:23.691+0000] {manager.py:878} INFO - 
================================================================================
DAG File Processing Stats

File Path                           PID    Runtime      # DAGs    # Errors  Last Runtime    Last Run
----------------------------------  -----  ---------  --------  ----------  --------------  -------------------
/opt/airflow/dags/snowflake_dag.py                           1           0  16.56s          2024-06-21T05:39:12
/opt/airflow/dags/postgres_dag.py                            1           0  1.32s           2024-06-21T05:39:17
================================================================================
[2024-06-21T05:39:36.987+0000] {manager.py:452} INFO - Exiting gracefully upon receiving signal 15
[2024-06-21T05:46:35.083+0000] {manager.py:470} INFO - Processing files using up to 2 processes at a time 
[2024-06-21T05:46:35.085+0000] {manager.py:471} INFO - Process each file at most once every 30 seconds
[2024-06-21T05:46:35.087+0000] {manager.py:472} INFO - Checking for new files in /opt/airflow/dags every 300 seconds
[2024-06-21T05:46:35.089+0000] {manager.py:737} INFO - Searching for files in /opt/airflow/dags
[2024-06-21T05:46:35.142+0000] {manager.py:740} INFO - There are 2 files in /opt/airflow/dags
[2024-06-21T05:46:35.494+0000] {manager.py:878} INFO - 
================================================================================
DAG File Processing Stats

File Path                             PID  Runtime      # DAGs    # Errors  Last Runtime    Last Run
----------------------------------  -----  ---------  --------  ----------  --------------  ----------
/opt/airflow/dags/postgres_dag.py      40  0.19s             0           0
/opt/airflow/dags/snowflake_dag.py     41  0.16s             0           0
================================================================================
[2024-06-21T05:47:05.547+0000] {manager.py:878} INFO - 
================================================================================
DAG File Processing Stats

File Path                           PID    Runtime      # DAGs    # Errors  Last Runtime    Last Run
----------------------------------  -----  ---------  --------  ----------  --------------  -------------------
/opt/airflow/dags/snowflake_dag.py                           1           0  13.79s          2024-06-21T05:46:49
/opt/airflow/dags/postgres_dag.py                            1           0  5.44s           2024-06-21T05:46:40
================================================================================
[2024-06-21T05:47:35.707+0000] {manager.py:878} INFO - 
================================================================================
DAG File Processing Stats

File Path                           PID    Runtime      # DAGs    # Errors  Last Runtime    Last Run
----------------------------------  -----  ---------  --------  ----------  --------------  -------------------
/opt/airflow/dags/snowflake_dag.py                           1           0  10.93s          2024-06-21T05:47:31
/opt/airflow/dags/postgres_dag.py                            1           0  3.83s           2024-06-21T05:47:14
================================================================================
[2024-06-21T05:48:05.884+0000] {manager.py:878} INFO - 
================================================================================
DAG File Processing Stats

File Path                             PID  Runtime      # DAGs    # Errors  Last Runtime    Last Run
----------------------------------  -----  ---------  --------  ----------  --------------  -------------------
/opt/airflow/dags/snowflake_dag.py     56  3.43s             1           0  10.93s          2024-06-21T05:47:31
/opt/airflow/dags/postgres_dag.py                            1           0  2.75s           2024-06-21T05:47:48
================================================================================
[2024-06-21T05:48:35.960+0000] {manager.py:878} INFO - 
================================================================================
DAG File Processing Stats

File Path                           PID    Runtime      # DAGs    # Errors  Last Runtime    Last Run
----------------------------------  -----  ---------  --------  ----------  --------------  -------------------
/opt/airflow/dags/snowflake_dag.py                           1           0  6.13s           2024-06-21T05:48:08
/opt/airflow/dags/postgres_dag.py                            1           0  1.39s           2024-06-21T05:48:20
================================================================================
[2024-06-21T05:49:06.149+0000] {manager.py:878} INFO - 
================================================================================
DAG File Processing Stats

File Path                           PID    Runtime      # DAGs    # Errors  Last Runtime    Last Run
----------------------------------  -----  ---------  --------  ----------  --------------  -------------------
/opt/airflow/dags/snowflake_dag.py                           1           0  3.69s           2024-06-21T05:48:42
/opt/airflow/dags/postgres_dag.py                            1           0  1.51s           2024-06-21T05:48:51
================================================================================
[2024-06-21T05:49:36.781+0000] {manager.py:878} INFO - 
================================================================================
DAG File Processing Stats

File Path                           PID    Runtime      # DAGs    # Errors  Last Runtime    Last Run
----------------------------------  -----  ---------  --------  ----------  --------------  -------------------
/opt/airflow/dags/snowflake_dag.py                           1           0  11.77s          2024-06-21T05:49:24
/opt/airflow/dags/postgres_dag.py                            1           0  1.42s           2024-06-21T05:49:23
================================================================================
[2024-06-21T05:50:07.319+0000] {manager.py:878} INFO - 
================================================================================
DAG File Processing Stats

File Path                           PID    Runtime      # DAGs    # Errors  Last Runtime    Last Run
----------------------------------  -----  ---------  --------  ----------  --------------  -------------------
/opt/airflow/dags/snowflake_dag.py                           1           0  3.94s           2024-06-21T05:49:59
/opt/airflow/dags/postgres_dag.py                            1           0  1.53s           2024-06-21T05:49:55
================================================================================
[2024-06-21T05:50:37.826+0000] {manager.py:878} INFO - 
================================================================================
DAG File Processing Stats

File Path                           PID    Runtime      # DAGs    # Errors  Last Runtime    Last Run
----------------------------------  -----  ---------  --------  ----------  --------------  -------------------
/opt/airflow/dags/snowflake_dag.py                           1           0  2.42s           2024-06-21T05:50:31
/opt/airflow/dags/postgres_dag.py                            1           0  1.22s           2024-06-21T05:50:26
================================================================================
[2024-06-21T05:51:08.169+0000] {manager.py:878} INFO - 
================================================================================
DAG File Processing Stats

File Path                           PID    Runtime      # DAGs    # Errors  Last Runtime    Last Run
----------------------------------  -----  ---------  --------  ----------  --------------  -------------------
/opt/airflow/dags/snowflake_dag.py                           1           0  3.11s           2024-06-21T05:51:05
/opt/airflow/dags/postgres_dag.py                            1           0  1.14s           2024-06-21T05:50:58
================================================================================
[2024-06-21T05:51:35.417+0000] {manager.py:737} INFO - Searching for files in /opt/airflow/dags
[2024-06-21T05:51:35.500+0000] {manager.py:740} INFO - There are 2 files in /opt/airflow/dags
[2024-06-21T05:51:38.657+0000] {manager.py:878} INFO - 
================================================================================
DAG File Processing Stats

File Path                             PID  Runtime      # DAGs    # Errors  Last Runtime    Last Run
----------------------------------  -----  ---------  --------  ----------  --------------  -------------------
/opt/airflow/dags/snowflake_dag.py     88  3.04s             1           0  3.11s           2024-06-21T05:51:05
/opt/airflow/dags/postgres_dag.py                            1           0  0.98s           2024-06-21T05:51:29
================================================================================
[2024-06-21T05:52:09.035+0000] {manager.py:878} INFO - 
================================================================================
DAG File Processing Stats

File Path                             PID  Runtime      # DAGs    # Errors  Last Runtime    Last Run
----------------------------------  -----  ---------  --------  ----------  --------------  -------------------
/opt/airflow/dags/snowflake_dag.py     93  0.01s             1           0  3.13s           2024-06-21T05:51:38
/opt/airflow/dags/postgres_dag.py                            1           0  1.20s           2024-06-21T05:52:01
================================================================================
[2024-06-21T05:52:39.706+0000] {manager.py:878} INFO - 
================================================================================
DAG File Processing Stats

File Path                           PID    Runtime      # DAGs    # Errors  Last Runtime    Last Run
----------------------------------  -----  ---------  --------  ----------  --------------  -------------------
/opt/airflow/dags/snowflake_dag.py                           1           0  2.43s           2024-06-21T05:52:11
/opt/airflow/dags/postgres_dag.py                            1           0  1.36s           2024-06-21T05:52:32
================================================================================
[2024-06-21T05:53:10.020+0000] {manager.py:878} INFO - 
================================================================================
DAG File Processing Stats

File Path                           PID    Runtime      # DAGs    # Errors  Last Runtime    Last Run
----------------------------------  -----  ---------  --------  ----------  --------------  -------------------
/opt/airflow/dags/snowflake_dag.py                           1           0  4.13s           2024-06-21T05:52:45
/opt/airflow/dags/postgres_dag.py                            1           0  1.07s           2024-06-21T05:53:04
================================================================================
[2024-06-21T05:53:40.404+0000] {manager.py:878} INFO - 
================================================================================
DAG File Processing Stats

File Path                           PID    Runtime      # DAGs    # Errors  Last Runtime    Last Run
----------------------------------  -----  ---------  --------  ----------  --------------  -------------------
/opt/airflow/dags/snowflake_dag.py                           1           0  3.10s           2024-06-21T05:53:19
/opt/airflow/dags/postgres_dag.py                            1           0  1.23s           2024-06-21T05:53:35
================================================================================
[2024-06-21T05:54:10.869+0000] {manager.py:878} INFO - 
================================================================================
DAG File Processing Stats

File Path                           PID    Runtime      # DAGs    # Errors  Last Runtime    Last Run
----------------------------------  -----  ---------  --------  ----------  --------------  -------------------
/opt/airflow/dags/snowflake_dag.py                           1           0  2.98s           2024-06-21T05:53:52
/opt/airflow/dags/postgres_dag.py                            1           0  1.68s           2024-06-21T05:54:07
================================================================================
[2024-06-21T05:54:41.212+0000] {manager.py:878} INFO - 
================================================================================
DAG File Processing Stats

File Path                           PID    Runtime      # DAGs    # Errors  Last Runtime    Last Run
----------------------------------  -----  ---------  --------  ----------  --------------  -------------------
/opt/airflow/dags/snowflake_dag.py                           1           0  9.13s           2024-06-21T05:54:32
/opt/airflow/dags/postgres_dag.py                            1           0  1.20s           2024-06-21T05:54:39
================================================================================
[2024-06-21T05:55:11.438+0000] {manager.py:878} INFO - 
================================================================================
DAG File Processing Stats

File Path                           PID    Runtime      # DAGs    # Errors  Last Runtime    Last Run
----------------------------------  -----  ---------  --------  ----------  --------------  -------------------
/opt/airflow/dags/snowflake_dag.py                           1           0  5.97s           2024-06-21T05:55:08
/opt/airflow/dags/postgres_dag.py                            1           0  1.16s           2024-06-21T05:55:10
================================================================================
[2024-06-21T05:55:41.545+0000] {manager.py:878} INFO - 
================================================================================
DAG File Processing Stats

File Path                             PID  Runtime      # DAGs    # Errors  Last Runtime    Last Run
----------------------------------  -----  ---------  --------  ----------  --------------  -------------------
/opt/airflow/dags/snowflake_dag.py                           1           0  2.81s           2024-06-21T05:55:41
/opt/airflow/dags/postgres_dag.py     126  0.81s             1           0  1.16s           2024-06-21T05:55:10
================================================================================
[2024-06-21T05:56:12.163+0000] {manager.py:878} INFO - 
================================================================================
DAG File Processing Stats

File Path                             PID  Runtime      # DAGs    # Errors  Last Runtime    Last Run
----------------------------------  -----  ---------  --------  ----------  --------------  -------------------
/opt/airflow/dags/snowflake_dag.py    129  0.01s             1           0  2.81s           2024-06-21T05:55:41
/opt/airflow/dags/postgres_dag.py     128  0.02s             1           0  1.19s           2024-06-21T05:55:41
================================================================================
[2024-06-21T05:56:35.787+0000] {manager.py:737} INFO - Searching for files in /opt/airflow/dags
[2024-06-21T05:56:35.835+0000] {manager.py:740} INFO - There are 2 files in /opt/airflow/dags
[2024-06-21T05:56:42.929+0000] {manager.py:878} INFO - 
================================================================================
DAG File Processing Stats

File Path                           PID    Runtime      # DAGs    # Errors  Last Runtime    Last Run
----------------------------------  -----  ---------  --------  ----------  --------------  -------------------
/opt/airflow/dags/snowflake_dag.py                           1           0  3.59s           2024-06-21T05:56:15
/opt/airflow/dags/postgres_dag.py                            1           0  1.42s           2024-06-21T05:56:13
================================================================================
[2024-06-21T05:57:13.266+0000] {manager.py:878} INFO - 
================================================================================
DAG File Processing Stats

File Path                           PID    Runtime      # DAGs    # Errors  Last Runtime    Last Run
----------------------------------  -----  ---------  --------  ----------  --------------  -------------------
/opt/airflow/dags/snowflake_dag.py                           1           0  6.66s           2024-06-21T05:56:52
/opt/airflow/dags/postgres_dag.py                            1           0  1.05s           2024-06-21T05:56:44
================================================================================
[2024-06-21T05:57:43.561+0000] {manager.py:878} INFO - 
================================================================================
DAG File Processing Stats

File Path                           PID    Runtime      # DAGs    # Errors  Last Runtime    Last Run
----------------------------------  -----  ---------  --------  ----------  --------------  -------------------
/opt/airflow/dags/snowflake_dag.py                           1           0  5.75s           2024-06-21T05:57:28
/opt/airflow/dags/postgres_dag.py                            1           0  1.55s           2024-06-21T05:57:16
================================================================================
[2024-06-21T05:58:13.750+0000] {manager.py:878} INFO - 
================================================================================
DAG File Processing Stats

File Path                           PID    Runtime      # DAGs    # Errors  Last Runtime    Last Run
----------------------------------  -----  ---------  --------  ----------  --------------  -------------------
/opt/airflow/dags/snowflake_dag.py                           1           0  3.68s           2024-06-21T05:58:02
/opt/airflow/dags/postgres_dag.py                            1           0  1.24s           2024-06-21T05:57:48
================================================================================
[2024-06-21T05:58:44.170+0000] {manager.py:878} INFO - 
================================================================================
DAG File Processing Stats

File Path                           PID    Runtime      # DAGs    # Errors  Last Runtime    Last Run
----------------------------------  -----  ---------  --------  ----------  --------------  -------------------
/opt/airflow/dags/snowflake_dag.py                           1           0  3.69s           2024-06-21T05:58:37
/opt/airflow/dags/postgres_dag.py                            1           0  1.03s           2024-06-21T05:58:20
================================================================================
[2024-06-21T05:59:14.844+0000] {manager.py:878} INFO - 
================================================================================
DAG File Processing Stats

File Path                           PID    Runtime      # DAGs    # Errors  Last Runtime    Last Run
----------------------------------  -----  ---------  --------  ----------  --------------  -------------------
/opt/airflow/dags/snowflake_dag.py                           1           0  3.33s           2024-06-21T05:59:11
/opt/airflow/dags/postgres_dag.py                            1           0  1.03s           2024-06-21T05:58:51
================================================================================
[2024-06-21T05:59:45.267+0000] {manager.py:878} INFO - 
================================================================================
DAG File Processing Stats

File Path                           PID    Runtime      # DAGs    # Errors  Last Runtime    Last Run
----------------------------------  -----  ---------  --------  ----------  --------------  -------------------
/opt/airflow/dags/snowflake_dag.py                           1           0  2.48s           2024-06-21T05:59:43
/opt/airflow/dags/postgres_dag.py                            1           0  1.13s           2024-06-21T05:59:23
================================================================================
[2024-06-21T06:00:15.567+0000] {manager.py:878} INFO - 
================================================================================
DAG File Processing Stats

File Path                             PID  Runtime      # DAGs    # Errors  Last Runtime    Last Run
----------------------------------  -----  ---------  --------  ----------  --------------  -------------------
/opt/airflow/dags/snowflake_dag.py    165  1.84s             1           0  2.48s           2024-06-21T05:59:43
/opt/airflow/dags/postgres_dag.py                            1           0  1.20s           2024-06-21T05:59:54
================================================================================
[2024-06-21T06:00:46.137+0000] {manager.py:878} INFO - 
================================================================================
DAG File Processing Stats

File Path                           PID    Runtime      # DAGs    # Errors  Last Runtime    Last Run
----------------------------------  -----  ---------  --------  ----------  --------------  -------------------
/opt/airflow/dags/snowflake_dag.py                           1           0  3.14s           2024-06-21T06:00:16
/opt/airflow/dags/postgres_dag.py                            1           0  1.27s           2024-06-21T06:00:26
================================================================================
[2024-06-21T06:01:16.734+0000] {manager.py:878} INFO - 
================================================================================
DAG File Processing Stats

File Path                           PID    Runtime      # DAGs    # Errors  Last Runtime    Last Run
----------------------------------  -----  ---------  --------  ----------  --------------  -------------------
/opt/airflow/dags/snowflake_dag.py                           1           0  3.82s           2024-06-21T06:00:50
/opt/airflow/dags/postgres_dag.py                            1           0  1.21s           2024-06-21T06:00:57
================================================================================
[2024-06-21T06:01:36.468+0000] {manager.py:737} INFO - Searching for files in /opt/airflow/dags
[2024-06-21T06:01:36.517+0000] {manager.py:740} INFO - There are 2 files in /opt/airflow/dags
[2024-06-21T06:01:47.642+0000] {manager.py:878} INFO - 
================================================================================
DAG File Processing Stats

File Path                           PID    Runtime      # DAGs    # Errors  Last Runtime    Last Run
----------------------------------  -----  ---------  --------  ----------  --------------  -------------------
/opt/airflow/dags/snowflake_dag.py                           1           0  2.55s           2024-06-21T06:01:24
/opt/airflow/dags/postgres_dag.py                            1           0  1.45s           2024-06-21T06:01:29
================================================================================
[2024-06-21T06:02:17.980+0000] {manager.py:878} INFO - 
================================================================================
DAG File Processing Stats

File Path                           PID    Runtime      # DAGs    # Errors  Last Runtime    Last Run
----------------------------------  -----  ---------  --------  ----------  --------------  -------------------
/opt/airflow/dags/snowflake_dag.py                           1           0  2.95s           2024-06-21T06:01:57
/opt/airflow/dags/postgres_dag.py                            1           0  1.49s           2024-06-21T06:02:01
================================================================================
[2024-06-21T06:02:48.036+0000] {manager.py:878} INFO - 
================================================================================
DAG File Processing Stats

File Path                           PID    Runtime      # DAGs    # Errors  Last Runtime    Last Run
----------------------------------  -----  ---------  --------  ----------  --------------  -------------------
/opt/airflow/dags/snowflake_dag.py                           1           0  2.78s           2024-06-21T06:02:30
/opt/airflow/dags/postgres_dag.py                            1           0  1.67s           2024-06-21T06:02:33
================================================================================
[2024-06-21T06:03:18.294+0000] {manager.py:878} INFO - 
================================================================================
DAG File Processing Stats

File Path                           PID    Runtime      # DAGs    # Errors  Last Runtime    Last Run
----------------------------------  -----  ---------  --------  ----------  --------------  -------------------
/opt/airflow/dags/snowflake_dag.py                           1           0  4.16s           2024-06-21T06:03:05
/opt/airflow/dags/postgres_dag.py                            1           0  1.93s           2024-06-21T06:03:05
================================================================================
[2024-06-21T06:03:48.316+0000] {manager.py:878} INFO - 
================================================================================
DAG File Processing Stats

File Path                           PID    Runtime      # DAGs    # Errors  Last Runtime    Last Run
----------------------------------  -----  ---------  --------  ----------  --------------  -------------------
/opt/airflow/dags/snowflake_dag.py                           1           0  4.74s           2024-06-21T06:03:40
/opt/airflow/dags/postgres_dag.py                            1           0  2.23s           2024-06-21T06:03:37
================================================================================
[2024-06-21T06:04:18.417+0000] {manager.py:878} INFO - 
================================================================================
DAG File Processing Stats

File Path                           PID    Runtime      # DAGs    # Errors  Last Runtime    Last Run
----------------------------------  -----  ---------  --------  ----------  --------------  -------------------
/opt/airflow/dags/snowflake_dag.py                           1           0  3.28s           2024-06-21T06:04:13
/opt/airflow/dags/postgres_dag.py                            1           0  1.28s           2024-06-21T06:04:09
================================================================================
[2024-06-21T06:04:48.759+0000] {manager.py:878} INFO - 
================================================================================
DAG File Processing Stats

File Path                           PID    Runtime      # DAGs    # Errors  Last Runtime    Last Run
----------------------------------  -----  ---------  --------  ----------  --------------  -------------------
/opt/airflow/dags/snowflake_dag.py                           1           0  2.47s           2024-06-21T06:04:46
/opt/airflow/dags/postgres_dag.py                            1           0  1.04s           2024-06-21T06:04:40
================================================================================
[2024-06-21T06:05:19.138+0000] {manager.py:878} INFO - 
================================================================================
DAG File Processing Stats

File Path                             PID  Runtime      # DAGs    # Errors  Last Runtime    Last Run
----------------------------------  -----  ---------  --------  ----------  --------------  -------------------
/opt/airflow/dags/snowflake_dag.py    212  2.59s             1           0  2.47s           2024-06-21T06:04:46
/opt/airflow/dags/postgres_dag.py                            1           0  1.34s           2024-06-21T06:05:12
================================================================================
[2024-06-21T06:05:49.530+0000] {manager.py:878} INFO - 
================================================================================
DAG File Processing Stats

File Path                           PID    Runtime      # DAGs    # Errors  Last Runtime    Last Run
----------------------------------  -----  ---------  --------  ----------  --------------  -------------------
/opt/airflow/dags/snowflake_dag.py                           1           0  3.70s           2024-06-21T06:05:20
/opt/airflow/dags/postgres_dag.py                            1           0  1.02s           2024-06-21T06:05:43
================================================================================
[2024-06-21T06:06:19.992+0000] {manager.py:878} INFO - 
================================================================================
DAG File Processing Stats

File Path                           PID    Runtime      # DAGs    # Errors  Last Runtime    Last Run
----------------------------------  -----  ---------  --------  ----------  --------------  -------------------
/opt/airflow/dags/snowflake_dag.py                           1           0  4.18s           2024-06-21T06:05:54
/opt/airflow/dags/postgres_dag.py                            1           0  1.20s           2024-06-21T06:06:14
================================================================================
[2024-06-21T06:06:37.203+0000] {manager.py:737} INFO - Searching for files in /opt/airflow/dags
[2024-06-21T06:06:37.258+0000] {manager.py:740} INFO - There are 2 files in /opt/airflow/dags
[2024-06-21T06:06:50.442+0000] {manager.py:878} INFO - 
================================================================================
DAG File Processing Stats

File Path                           PID    Runtime      # DAGs    # Errors  Last Runtime    Last Run
----------------------------------  -----  ---------  --------  ----------  --------------  -------------------
/opt/airflow/dags/snowflake_dag.py                           1           0  3.19s           2024-06-21T06:06:28
/opt/airflow/dags/postgres_dag.py                            1           0  1.55s           2024-06-21T06:06:46
================================================================================
[2024-06-21T06:07:21.278+0000] {manager.py:878} INFO - 
================================================================================
DAG File Processing Stats

File Path                           PID    Runtime      # DAGs    # Errors  Last Runtime    Last Run
----------------------------------  -----  ---------  --------  ----------  --------------  -------------------
/opt/airflow/dags/snowflake_dag.py                           1           0  2.88s           2024-06-21T06:07:01
/opt/airflow/dags/postgres_dag.py                            1           0  1.08s           2024-06-21T06:07:18
================================================================================
[2024-06-21T06:07:51.362+0000] {manager.py:878} INFO - 
================================================================================
DAG File Processing Stats

File Path                           PID    Runtime      # DAGs    # Errors  Last Runtime    Last Run
----------------------------------  -----  ---------  --------  ----------  --------------  -------------------
/opt/airflow/dags/snowflake_dag.py                           1           0  4.15s           2024-06-21T06:07:36
/opt/airflow/dags/postgres_dag.py                            1           0  1.68s           2024-06-21T06:07:50
================================================================================
[2024-06-21T06:08:21.663+0000] {manager.py:878} INFO - 
================================================================================
DAG File Processing Stats

File Path                             PID  Runtime      # DAGs    # Errors  Last Runtime    Last Run
----------------------------------  -----  ---------  --------  ----------  --------------  -------------------
/opt/airflow/dags/snowflake_dag.py                           1           0  3.72s           2024-06-21T06:08:10
/opt/airflow/dags/postgres_dag.py     240  1.02s             1           0  1.68s           2024-06-21T06:07:50
================================================================================
[2024-06-21T06:08:51.949+0000] {manager.py:878} INFO - 
================================================================================
DAG File Processing Stats

File Path                             PID  Runtime      # DAGs    # Errors  Last Runtime    Last Run
----------------------------------  -----  ---------  --------  ----------  --------------  -------------------
/opt/airflow/dags/snowflake_dag.py                           1           0  2.97s           2024-06-21T06:08:43
/opt/airflow/dags/postgres_dag.py     245  0.01s             1           0  1.13s           2024-06-21T06:08:21
================================================================================
[2024-06-21T06:09:22.424+0000] {manager.py:878} INFO - 
================================================================================
DAG File Processing Stats

File Path                           PID    Runtime      # DAGs    # Errors  Last Runtime    Last Run
----------------------------------  -----  ---------  --------  ----------  --------------  -------------------
/opt/airflow/dags/snowflake_dag.py                           1           0  2.51s           2024-06-21T06:09:16
/opt/airflow/dags/postgres_dag.py                            1           0  1.23s           2024-06-21T06:08:53
================================================================================
[2024-06-21T06:09:52.812+0000] {manager.py:878} INFO - 
================================================================================
DAG File Processing Stats

File Path                           PID    Runtime      # DAGs    # Errors  Last Runtime    Last Run
----------------------------------  -----  ---------  --------  ----------  --------------  -------------------
/opt/airflow/dags/snowflake_dag.py                           1           0  3.23s           2024-06-21T06:09:50
/opt/airflow/dags/postgres_dag.py                            1           0  1.05s           2024-06-21T06:09:24
================================================================================
[2024-06-21T06:10:23.224+0000] {manager.py:878} INFO - 
================================================================================
DAG File Processing Stats

File Path                             PID  Runtime      # DAGs    # Errors  Last Runtime    Last Run
----------------------------------  -----  ---------  --------  ----------  --------------  -------------------
/opt/airflow/dags/snowflake_dag.py    257  2.03s             1           0  3.23s           2024-06-21T06:09:50
/opt/airflow/dags/postgres_dag.py                            1           0  1.13s           2024-06-21T06:09:55
================================================================================
[2024-06-21T06:10:53.876+0000] {manager.py:878} INFO - 
================================================================================
DAG File Processing Stats

File Path                           PID    Runtime      # DAGs    # Errors  Last Runtime    Last Run
----------------------------------  -----  ---------  --------  ----------  --------------  -------------------
/opt/airflow/dags/snowflake_dag.py                           1           0  2.88s           2024-06-21T06:10:24
/opt/airflow/dags/postgres_dag.py                            1           0  1.63s           2024-06-21T06:10:27
================================================================================
[2024-06-21T06:11:24.138+0000] {manager.py:878} INFO - 
================================================================================
DAG File Processing Stats

File Path                           PID    Runtime      # DAGs    # Errors  Last Runtime    Last Run
----------------------------------  -----  ---------  --------  ----------  --------------  -------------------
/opt/airflow/dags/snowflake_dag.py                           1           0  3.14s           2024-06-21T06:10:57
/opt/airflow/dags/postgres_dag.py                            1           0  1.21s           2024-06-21T06:10:59
================================================================================
[2024-06-21T06:11:37.303+0000] {manager.py:737} INFO - Searching for files in /opt/airflow/dags
[2024-06-21T06:11:37.535+0000] {manager.py:740} INFO - There are 2 files in /opt/airflow/dags
[2024-06-21T06:11:54.406+0000] {manager.py:878} INFO - 
================================================================================
DAG File Processing Stats

File Path                           PID    Runtime      # DAGs    # Errors  Last Runtime    Last Run
----------------------------------  -----  ---------  --------  ----------  --------------  -------------------
/opt/airflow/dags/snowflake_dag.py                           1           0  5.57s           2024-06-21T06:11:32
/opt/airflow/dags/postgres_dag.py                            1           0  2.52s           2024-06-21T06:11:32
================================================================================
[2024-06-21T06:12:24.679+0000] {manager.py:878} INFO - 
================================================================================
DAG File Processing Stats

File Path                           PID    Runtime      # DAGs    # Errors  Last Runtime    Last Run
----------------------------------  -----  ---------  --------  ----------  --------------  -------------------
/opt/airflow/dags/snowflake_dag.py                           1           0  2.64s           2024-06-21T06:12:05
/opt/airflow/dags/postgres_dag.py                            1           0  1.38s           2024-06-21T06:12:03
================================================================================
[2024-06-21T06:12:55.446+0000] {manager.py:878} INFO - 
================================================================================
DAG File Processing Stats

File Path                           PID    Runtime      # DAGs    # Errors  Last Runtime    Last Run
----------------------------------  -----  ---------  --------  ----------  --------------  -------------------
/opt/airflow/dags/snowflake_dag.py                           1           0  3.34s           2024-06-21T06:12:39
/opt/airflow/dags/postgres_dag.py                            1           0  1.06s           2024-06-21T06:12:35
================================================================================
[2024-06-21T06:13:25.542+0000] {manager.py:878} INFO - 
================================================================================
DAG File Processing Stats

File Path                           PID    Runtime      # DAGs    # Errors  Last Runtime    Last Run
----------------------------------  -----  ---------  --------  ----------  --------------  -------------------
/opt/airflow/dags/snowflake_dag.py                           1           0  3.45s           2024-06-21T06:13:13
/opt/airflow/dags/postgres_dag.py                            1           0  1.43s           2024-06-21T06:13:06
================================================================================
[2024-06-21T06:13:55.701+0000] {manager.py:878} INFO - 
================================================================================
DAG File Processing Stats

File Path                           PID    Runtime      # DAGs    # Errors  Last Runtime    Last Run
----------------------------------  -----  ---------  --------  ----------  --------------  -------------------
/opt/airflow/dags/snowflake_dag.py                           1           0  6.74s           2024-06-21T06:13:50
/opt/airflow/dags/postgres_dag.py                            1           0  5.93s           2024-06-21T06:13:43
================================================================================
[2024-06-21T06:14:25.703+0000] {manager.py:878} INFO - 
================================================================================
DAG File Processing Stats

File Path                             PID  Runtime      # DAGs    # Errors  Last Runtime    Last Run
----------------------------------  -----  ---------  --------  ----------  --------------  -------------------
/opt/airflow/dags/snowflake_dag.py    294  4.67s             1           0  6.74s           2024-06-21T06:13:50
/opt/airflow/dags/postgres_dag.py                            1           0  3.69s           2024-06-21T06:14:18
================================================================================
[2024-06-21T06:14:56.481+0000] {manager.py:878} INFO - 
================================================================================
DAG File Processing Stats

File Path                             PID  Runtime      # DAGs    # Errors  Last Runtime    Last Run
----------------------------------  -----  ---------  --------  ----------  --------------  -------------------
/opt/airflow/dags/snowflake_dag.py                           1           0  6.50s           2024-06-21T06:14:27
/opt/airflow/dags/postgres_dag.py     297  7.23s             1           0  3.69s           2024-06-21T06:14:18
================================================================================
[2024-06-21T06:15:26.719+0000] {manager.py:878} INFO - 
================================================================================
DAG File Processing Stats

File Path                           PID    Runtime      # DAGs    # Errors  Last Runtime    Last Run
----------------------------------  -----  ---------  --------  ----------  --------------  -------------------
/opt/airflow/dags/snowflake_dag.py                           1           0  13.28s          2024-06-21T06:15:11
/opt/airflow/dags/postgres_dag.py                            1           0  7.64s           2024-06-21T06:14:56
================================================================================
[2024-06-21T06:15:57.097+0000] {manager.py:878} INFO - 
================================================================================
DAG File Processing Stats

File Path                           PID    Runtime      # DAGs    # Errors  Last Runtime    Last Run
----------------------------------  -----  ---------  --------  ----------  --------------  -------------------
/opt/airflow/dags/snowflake_dag.py                           1           0  4.22s           2024-06-21T06:15:45
/opt/airflow/dags/postgres_dag.py                            1           0  1.33s           2024-06-21T06:15:28
================================================================================
[2024-06-21T06:16:27.499+0000] {manager.py:878} INFO - 
================================================================================
DAG File Processing Stats

File Path                           PID    Runtime      # DAGs    # Errors  Last Runtime    Last Run
----------------------------------  -----  ---------  --------  ----------  --------------  -------------------
/opt/airflow/dags/snowflake_dag.py                           1           0  3.75s           2024-06-21T06:16:19
/opt/airflow/dags/postgres_dag.py                            1           0  1.66s           2024-06-21T06:16:00
================================================================================
[2024-06-21T06:16:37.438+0000] {manager.py:737} INFO - Searching for files in /opt/airflow/dags
[2024-06-21T06:16:37.567+0000] {manager.py:740} INFO - There are 2 files in /opt/airflow/dags
[2024-06-21T06:16:57.833+0000] {manager.py:878} INFO - 
================================================================================
DAG File Processing Stats

File Path                           PID    Runtime      # DAGs    # Errors  Last Runtime    Last Run
----------------------------------  -----  ---------  --------  ----------  --------------  -------------------
/opt/airflow/dags/snowflake_dag.py                           1           0  5.50s           2024-06-21T06:16:55
/opt/airflow/dags/postgres_dag.py                            1           0  1.76s           2024-06-21T06:16:33
================================================================================
[2024-06-21T06:17:28.159+0000] {manager.py:878} INFO - 
================================================================================
DAG File Processing Stats

File Path                             PID  Runtime      # DAGs    # Errors  Last Runtime    Last Run
----------------------------------  -----  ---------  --------  ----------  --------------  -------------------
/opt/airflow/dags/snowflake_dag.py    319  2.06s             1           0  5.50s           2024-06-21T06:16:55
/opt/airflow/dags/postgres_dag.py                            1           0  1.87s           2024-06-21T06:17:05
================================================================================
[2024-06-21T06:17:58.319+0000] {manager.py:878} INFO - 
================================================================================
DAG File Processing Stats

File Path                           PID    Runtime      # DAGs    # Errors  Last Runtime    Last Run
----------------------------------  -----  ---------  --------  ----------  --------------  -------------------
/opt/airflow/dags/snowflake_dag.py                           1           0  4.03s           2024-06-21T06:17:30
/opt/airflow/dags/postgres_dag.py                            1           0  2.41s           2024-06-21T06:17:38
================================================================================
[2024-06-21T06:18:28.484+0000] {manager.py:878} INFO - 
================================================================================
DAG File Processing Stats

File Path                           PID    Runtime      # DAGs    # Errors  Last Runtime    Last Run
----------------------------------  -----  ---------  --------  ----------  --------------  -------------------
/opt/airflow/dags/snowflake_dag.py                           1           0  2.87s           2024-06-21T06:18:03
/opt/airflow/dags/postgres_dag.py                            1           0  1.00s           2024-06-21T06:18:09
================================================================================
[2024-06-21T06:18:58.600+0000] {manager.py:878} INFO - 
================================================================================
DAG File Processing Stats

File Path                           PID    Runtime      # DAGs    # Errors  Last Runtime    Last Run
----------------------------------  -----  ---------  --------  ----------  --------------  -------------------
/opt/airflow/dags/snowflake_dag.py                           1           0  4.55s           2024-06-21T06:18:38
/opt/airflow/dags/postgres_dag.py                            1           0  1.07s           2024-06-21T06:18:41
================================================================================
[2024-06-21T06:19:28.789+0000] {manager.py:878} INFO - 
================================================================================
DAG File Processing Stats

File Path                           PID    Runtime      # DAGs    # Errors  Last Runtime    Last Run
----------------------------------  -----  ---------  --------  ----------  --------------  -------------------
/opt/airflow/dags/snowflake_dag.py                           1           0  2.98s           2024-06-21T06:19:11
/opt/airflow/dags/postgres_dag.py                            1           0  1.86s           2024-06-21T06:19:13
================================================================================
[2024-06-21T06:19:58.960+0000] {manager.py:878} INFO - 
================================================================================
DAG File Processing Stats

File Path                           PID    Runtime      # DAGs    # Errors  Last Runtime    Last Run
----------------------------------  -----  ---------  --------  ----------  --------------  -------------------
/opt/airflow/dags/snowflake_dag.py                           1           0  7.08s           2024-06-21T06:19:49
/opt/airflow/dags/postgres_dag.py                            1           0  1.69s           2024-06-21T06:19:45
================================================================================
[2024-06-21T06:20:28.997+0000] {manager.py:878} INFO - 
================================================================================
DAG File Processing Stats

File Path                           PID    Runtime      # DAGs    # Errors  Last Runtime    Last Run
----------------------------------  -----  ---------  --------  ----------  --------------  -------------------
/opt/airflow/dags/snowflake_dag.py                           1           0  9.26s           2024-06-21T06:20:28
/opt/airflow/dags/postgres_dag.py                            1           0  1.38s           2024-06-21T06:20:17
================================================================================
[2024-06-21T06:20:59.718+0000] {manager.py:878} INFO - 
================================================================================
DAG File Processing Stats

File Path                             PID  Runtime      # DAGs    # Errors  Last Runtime    Last Run
----------------------------------  -----  ---------  --------  ----------  --------------  -------------------
/opt/airflow/dags/snowflake_dag.py    351  0.09s             1           0  9.26s           2024-06-21T06:20:28
/opt/airflow/dags/postgres_dag.py     349  11.78s            1           0  1.38s           2024-06-21T06:20:17
================================================================================
