[2024-06-20T15:04:22.438+0000] {processor.py:161} INFO - Started process (PID=25) to work on /opt/airflow/dags/postgres_dag.py
[2024-06-20T15:04:22.441+0000] {processor.py:830} INFO - Processing file /opt/airflow/dags/postgres_dag.py for tasks to queue
[2024-06-20T15:04:22.445+0000] {logging_mixin.py:188} INFO - [2024-06-20T15:04:22.445+0000] {dagbag.py:545} INFO - Filling up the DagBag from /opt/airflow/dags/postgres_dag.py
[2024-06-20T15:04:27.204+0000] {processor.py:840} INFO - DAG(s) 'csv_to_postgres' retrieved from /opt/airflow/dags/postgres_dag.py
[2024-06-20T15:04:27.970+0000] {logging_mixin.py:188} INFO - [2024-06-20T15:04:27.969+0000] {dag.py:3096} INFO - Sync 1 DAGs
[2024-06-20T15:04:28.146+0000] {logging_mixin.py:188} INFO - [2024-06-20T15:04:28.146+0000] {dag.py:3954} INFO - Setting next_dagrun for csv_to_postgres to 2024-06-18T00:00:00+00:00, run_after=2024-06-19T00:00:00+00:00
[2024-06-20T15:04:28.298+0000] {processor.py:183} INFO - Processing /opt/airflow/dags/postgres_dag.py took 5.880 seconds
[2024-06-20T15:45:49.961+0000] {processor.py:161} INFO - Started process (PID=25) to work on /opt/airflow/dags/postgres_dag.py
[2024-06-20T15:45:49.972+0000] {processor.py:830} INFO - Processing file /opt/airflow/dags/postgres_dag.py for tasks to queue
[2024-06-20T15:45:49.993+0000] {logging_mixin.py:188} INFO - [2024-06-20T15:45:49.992+0000] {dagbag.py:545} INFO - Filling up the DagBag from /opt/airflow/dags/postgres_dag.py
[2024-06-20T15:46:03.272+0000] {processor.py:840} INFO - DAG(s) 'csv_to_postgres' retrieved from /opt/airflow/dags/postgres_dag.py
[2024-06-20T15:46:04.737+0000] {logging_mixin.py:188} INFO - [2024-06-20T15:46:04.735+0000] {dag.py:3096} INFO - Sync 1 DAGs
[2024-06-20T15:46:05.291+0000] {logging_mixin.py:188} INFO - [2024-06-20T15:46:05.290+0000] {dag.py:3954} INFO - Setting next_dagrun for csv_to_postgres to 2024-06-18T00:00:00+00:00, run_after=2024-06-19T00:00:00+00:00
[2024-06-20T15:46:05.709+0000] {processor.py:183} INFO - Processing /opt/airflow/dags/postgres_dag.py took 15.806 seconds
[2024-06-20T15:46:36.207+0000] {processor.py:161} INFO - Started process (PID=30) to work on /opt/airflow/dags/postgres_dag.py
[2024-06-20T15:46:36.209+0000] {processor.py:830} INFO - Processing file /opt/airflow/dags/postgres_dag.py for tasks to queue
[2024-06-20T15:46:36.393+0000] {logging_mixin.py:188} INFO - [2024-06-20T15:46:36.243+0000] {dagbag.py:545} INFO - Filling up the DagBag from /opt/airflow/dags/postgres_dag.py
[2024-06-20T15:46:44.414+0000] {processor.py:840} INFO - DAG(s) 'csv_to_postgres' retrieved from /opt/airflow/dags/postgres_dag.py
[2024-06-20T15:46:44.528+0000] {logging_mixin.py:188} INFO - [2024-06-20T15:46:44.526+0000] {dag.py:3096} INFO - Sync 1 DAGs
[2024-06-20T15:46:44.705+0000] {logging_mixin.py:188} INFO - [2024-06-20T15:46:44.704+0000] {dag.py:3954} INFO - Setting next_dagrun for csv_to_postgres to 2024-06-18T00:00:00+00:00, run_after=2024-06-19T00:00:00+00:00
[2024-06-20T15:46:44.846+0000] {processor.py:183} INFO - Processing /opt/airflow/dags/postgres_dag.py took 8.657 seconds
[2024-06-20T15:47:15.181+0000] {processor.py:161} INFO - Started process (PID=35) to work on /opt/airflow/dags/postgres_dag.py
[2024-06-20T15:47:15.228+0000] {processor.py:830} INFO - Processing file /opt/airflow/dags/postgres_dag.py for tasks to queue
[2024-06-20T15:47:15.236+0000] {logging_mixin.py:188} INFO - [2024-06-20T15:47:15.235+0000] {dagbag.py:545} INFO - Filling up the DagBag from /opt/airflow/dags/postgres_dag.py
[2024-06-20T15:47:18.215+0000] {processor.py:840} INFO - DAG(s) 'csv_to_postgres' retrieved from /opt/airflow/dags/postgres_dag.py
[2024-06-20T15:47:18.273+0000] {logging_mixin.py:188} INFO - [2024-06-20T15:47:18.271+0000] {dag.py:3096} INFO - Sync 1 DAGs
[2024-06-20T15:47:18.400+0000] {logging_mixin.py:188} INFO - [2024-06-20T15:47:18.399+0000] {dag.py:3954} INFO - Setting next_dagrun for csv_to_postgres to 2024-06-18T00:00:00+00:00, run_after=2024-06-19T00:00:00+00:00
[2024-06-20T15:47:18.599+0000] {processor.py:183} INFO - Processing /opt/airflow/dags/postgres_dag.py took 3.473 seconds
[2024-06-20T15:47:49.535+0000] {processor.py:161} INFO - Started process (PID=40) to work on /opt/airflow/dags/postgres_dag.py
[2024-06-20T15:47:49.543+0000] {processor.py:830} INFO - Processing file /opt/airflow/dags/postgres_dag.py for tasks to queue
[2024-06-20T15:47:49.554+0000] {logging_mixin.py:188} INFO - [2024-06-20T15:47:49.554+0000] {dagbag.py:545} INFO - Filling up the DagBag from /opt/airflow/dags/postgres_dag.py
[2024-06-20T15:48:00.952+0000] {processor.py:840} INFO - DAG(s) 'csv_to_postgres' retrieved from /opt/airflow/dags/postgres_dag.py
[2024-06-20T15:48:01.780+0000] {logging_mixin.py:188} INFO - [2024-06-20T15:48:01.779+0000] {dag.py:3096} INFO - Sync 1 DAGs
[2024-06-20T15:48:01.908+0000] {logging_mixin.py:188} INFO - [2024-06-20T15:48:01.907+0000] {dag.py:3954} INFO - Setting next_dagrun for csv_to_postgres to 2024-06-18T00:00:00+00:00, run_after=2024-06-19T00:00:00+00:00
[2024-06-20T15:48:02.226+0000] {processor.py:183} INFO - Processing /opt/airflow/dags/postgres_dag.py took 12.747 seconds
[2024-06-20T15:48:32.619+0000] {processor.py:161} INFO - Started process (PID=45) to work on /opt/airflow/dags/postgres_dag.py
[2024-06-20T15:48:32.622+0000] {processor.py:830} INFO - Processing file /opt/airflow/dags/postgres_dag.py for tasks to queue
[2024-06-20T15:48:32.632+0000] {logging_mixin.py:188} INFO - [2024-06-20T15:48:32.631+0000] {dagbag.py:545} INFO - Filling up the DagBag from /opt/airflow/dags/postgres_dag.py
[2024-06-20T15:48:39.665+0000] {processor.py:840} INFO - DAG(s) 'csv_to_postgres' retrieved from /opt/airflow/dags/postgres_dag.py
[2024-06-20T15:48:39.741+0000] {logging_mixin.py:188} INFO - [2024-06-20T15:48:39.739+0000] {dag.py:3096} INFO - Sync 1 DAGs
[2024-06-20T15:48:39.804+0000] {logging_mixin.py:188} INFO - [2024-06-20T15:48:39.803+0000] {dag.py:3954} INFO - Setting next_dagrun for csv_to_postgres to 2024-06-18T00:00:00+00:00, run_after=2024-06-19T00:00:00+00:00
[2024-06-20T15:48:40.079+0000] {processor.py:183} INFO - Processing /opt/airflow/dags/postgres_dag.py took 7.532 seconds
[2024-06-20T15:49:10.978+0000] {processor.py:161} INFO - Started process (PID=50) to work on /opt/airflow/dags/postgres_dag.py
[2024-06-20T15:49:10.994+0000] {processor.py:830} INFO - Processing file /opt/airflow/dags/postgres_dag.py for tasks to queue
[2024-06-20T15:49:11.019+0000] {logging_mixin.py:188} INFO - [2024-06-20T15:49:11.014+0000] {dagbag.py:545} INFO - Filling up the DagBag from /opt/airflow/dags/postgres_dag.py
[2024-06-20T15:49:29.819+0000] {processor.py:840} INFO - DAG(s) 'csv_to_postgres' retrieved from /opt/airflow/dags/postgres_dag.py
[2024-06-20T15:49:30.069+0000] {logging_mixin.py:188} INFO - [2024-06-20T15:49:30.069+0000] {dag.py:3096} INFO - Sync 1 DAGs
[2024-06-20T15:49:30.325+0000] {logging_mixin.py:188} INFO - [2024-06-20T15:49:30.324+0000] {dag.py:3954} INFO - Setting next_dagrun for csv_to_postgres to 2024-06-18T00:00:00+00:00, run_after=2024-06-19T00:00:00+00:00
[2024-06-20T15:49:30.598+0000] {processor.py:183} INFO - Processing /opt/airflow/dags/postgres_dag.py took 19.736 seconds
[2024-06-20T15:50:01.270+0000] {processor.py:161} INFO - Started process (PID=55) to work on /opt/airflow/dags/postgres_dag.py
[2024-06-20T15:50:01.296+0000] {processor.py:830} INFO - Processing file /opt/airflow/dags/postgres_dag.py for tasks to queue
[2024-06-20T15:50:01.333+0000] {logging_mixin.py:188} INFO - [2024-06-20T15:50:01.332+0000] {dagbag.py:545} INFO - Filling up the DagBag from /opt/airflow/dags/postgres_dag.py
[2024-06-20T15:50:11.370+0000] {processor.py:840} INFO - DAG(s) 'csv_to_postgres' retrieved from /opt/airflow/dags/postgres_dag.py
[2024-06-20T15:50:11.557+0000] {logging_mixin.py:188} INFO - [2024-06-20T15:50:11.555+0000] {dag.py:3096} INFO - Sync 1 DAGs
[2024-06-20T15:50:11.780+0000] {logging_mixin.py:188} INFO - [2024-06-20T15:50:11.779+0000] {dag.py:3954} INFO - Setting next_dagrun for csv_to_postgres to 2024-06-18T00:00:00+00:00, run_after=2024-06-19T00:00:00+00:00
[2024-06-20T15:50:11.937+0000] {processor.py:183} INFO - Processing /opt/airflow/dags/postgres_dag.py took 10.759 seconds
[2024-06-20T15:50:42.557+0000] {processor.py:161} INFO - Started process (PID=60) to work on /opt/airflow/dags/postgres_dag.py
[2024-06-20T15:50:42.574+0000] {processor.py:830} INFO - Processing file /opt/airflow/dags/postgres_dag.py for tasks to queue
[2024-06-20T15:50:42.593+0000] {logging_mixin.py:188} INFO - [2024-06-20T15:50:42.592+0000] {dagbag.py:545} INFO - Filling up the DagBag from /opt/airflow/dags/postgres_dag.py
[2024-06-20T15:50:50.306+0000] {processor.py:840} INFO - DAG(s) 'csv_to_postgres' retrieved from /opt/airflow/dags/postgres_dag.py
[2024-06-20T15:50:52.036+0000] {logging_mixin.py:188} INFO - [2024-06-20T15:50:52.031+0000] {dag.py:3096} INFO - Sync 1 DAGs
[2024-06-20T15:50:52.227+0000] {logging_mixin.py:188} INFO - [2024-06-20T15:50:52.226+0000] {dag.py:3954} INFO - Setting next_dagrun for csv_to_postgres to 2024-06-18T00:00:00+00:00, run_after=2024-06-19T00:00:00+00:00
[2024-06-20T15:50:52.619+0000] {processor.py:183} INFO - Processing /opt/airflow/dags/postgres_dag.py took 10.157 seconds
[2024-06-20T15:51:25.273+0000] {processor.py:161} INFO - Started process (PID=65) to work on /opt/airflow/dags/postgres_dag.py
[2024-06-20T15:51:25.306+0000] {processor.py:830} INFO - Processing file /opt/airflow/dags/postgres_dag.py for tasks to queue
[2024-06-20T15:51:25.403+0000] {logging_mixin.py:188} INFO - [2024-06-20T15:51:25.388+0000] {dagbag.py:545} INFO - Filling up the DagBag from /opt/airflow/dags/postgres_dag.py
[2024-06-20T15:51:34.530+0000] {processor.py:840} INFO - DAG(s) 'csv_to_postgres' retrieved from /opt/airflow/dags/postgres_dag.py
[2024-06-20T15:51:34.987+0000] {logging_mixin.py:188} INFO - [2024-06-20T15:51:34.985+0000] {dag.py:3096} INFO - Sync 1 DAGs
[2024-06-20T15:51:35.232+0000] {logging_mixin.py:188} INFO - [2024-06-20T15:51:35.231+0000] {dag.py:3954} INFO - Setting next_dagrun for csv_to_postgres to 2024-06-18T00:00:00+00:00, run_after=2024-06-19T00:00:00+00:00
[2024-06-20T15:51:35.450+0000] {processor.py:183} INFO - Processing /opt/airflow/dags/postgres_dag.py took 11.786 seconds
[2024-06-20T15:52:06.366+0000] {processor.py:161} INFO - Started process (PID=70) to work on /opt/airflow/dags/postgres_dag.py
[2024-06-20T15:52:06.371+0000] {processor.py:830} INFO - Processing file /opt/airflow/dags/postgres_dag.py for tasks to queue
[2024-06-20T15:52:06.386+0000] {logging_mixin.py:188} INFO - [2024-06-20T15:52:06.385+0000] {dagbag.py:545} INFO - Filling up the DagBag from /opt/airflow/dags/postgres_dag.py
[2024-06-20T15:52:13.103+0000] {processor.py:840} INFO - DAG(s) 'csv_to_postgres' retrieved from /opt/airflow/dags/postgres_dag.py
[2024-06-20T15:52:13.435+0000] {logging_mixin.py:188} INFO - [2024-06-20T15:52:13.424+0000] {dag.py:3096} INFO - Sync 1 DAGs
[2024-06-20T15:52:13.686+0000] {logging_mixin.py:188} INFO - [2024-06-20T15:52:13.685+0000] {dag.py:3954} INFO - Setting next_dagrun for csv_to_postgres to 2024-06-18T00:00:00+00:00, run_after=2024-06-19T00:00:00+00:00
[2024-06-20T15:52:13.914+0000] {processor.py:183} INFO - Processing /opt/airflow/dags/postgres_dag.py took 7.595 seconds
[2024-06-20T15:52:45.343+0000] {processor.py:161} INFO - Started process (PID=75) to work on /opt/airflow/dags/postgres_dag.py
[2024-06-20T15:52:45.371+0000] {processor.py:830} INFO - Processing file /opt/airflow/dags/postgres_dag.py for tasks to queue
[2024-06-20T15:52:45.401+0000] {logging_mixin.py:188} INFO - [2024-06-20T15:52:45.400+0000] {dagbag.py:545} INFO - Filling up the DagBag from /opt/airflow/dags/postgres_dag.py
[2024-06-20T15:52:50.561+0000] {processor.py:840} INFO - DAG(s) 'csv_to_postgres' retrieved from /opt/airflow/dags/postgres_dag.py
[2024-06-20T15:52:50.780+0000] {logging_mixin.py:188} INFO - [2024-06-20T15:52:50.768+0000] {dag.py:3096} INFO - Sync 1 DAGs
[2024-06-20T15:52:50.967+0000] {logging_mixin.py:188} INFO - [2024-06-20T15:52:50.966+0000] {dag.py:3954} INFO - Setting next_dagrun for csv_to_postgres to 2024-06-18T00:00:00+00:00, run_after=2024-06-19T00:00:00+00:00
[2024-06-20T15:52:51.110+0000] {processor.py:183} INFO - Processing /opt/airflow/dags/postgres_dag.py took 5.867 seconds
[2024-06-20T15:53:22.327+0000] {processor.py:161} INFO - Started process (PID=80) to work on /opt/airflow/dags/postgres_dag.py
[2024-06-20T15:53:22.331+0000] {processor.py:830} INFO - Processing file /opt/airflow/dags/postgres_dag.py for tasks to queue
[2024-06-20T15:53:22.347+0000] {logging_mixin.py:188} INFO - [2024-06-20T15:53:22.345+0000] {dagbag.py:545} INFO - Filling up the DagBag from /opt/airflow/dags/postgres_dag.py
[2024-06-20T15:53:28.141+0000] {processor.py:840} INFO - DAG(s) 'csv_to_postgres' retrieved from /opt/airflow/dags/postgres_dag.py
[2024-06-20T15:53:28.379+0000] {logging_mixin.py:188} INFO - [2024-06-20T15:53:28.378+0000] {dag.py:3096} INFO - Sync 1 DAGs
[2024-06-20T15:53:28.603+0000] {logging_mixin.py:188} INFO - [2024-06-20T15:53:28.589+0000] {dag.py:3954} INFO - Setting next_dagrun for csv_to_postgres to 2024-06-18T00:00:00+00:00, run_after=2024-06-19T00:00:00+00:00
[2024-06-20T15:53:28.810+0000] {processor.py:183} INFO - Processing /opt/airflow/dags/postgres_dag.py took 6.508 seconds
[2024-06-20T15:53:59.770+0000] {processor.py:161} INFO - Started process (PID=85) to work on /opt/airflow/dags/postgres_dag.py
[2024-06-20T15:53:59.778+0000] {processor.py:830} INFO - Processing file /opt/airflow/dags/postgres_dag.py for tasks to queue
[2024-06-20T15:53:59.812+0000] {logging_mixin.py:188} INFO - [2024-06-20T15:53:59.811+0000] {dagbag.py:545} INFO - Filling up the DagBag from /opt/airflow/dags/postgres_dag.py
[2024-06-20T15:54:04.628+0000] {processor.py:840} INFO - DAG(s) 'csv_to_postgres' retrieved from /opt/airflow/dags/postgres_dag.py
[2024-06-20T15:54:04.890+0000] {logging_mixin.py:188} INFO - [2024-06-20T15:54:04.888+0000] {dag.py:3096} INFO - Sync 1 DAGs
[2024-06-20T15:54:05.136+0000] {logging_mixin.py:188} INFO - [2024-06-20T15:54:05.135+0000] {dag.py:3954} INFO - Setting next_dagrun for csv_to_postgres to 2024-06-18T00:00:00+00:00, run_after=2024-06-19T00:00:00+00:00
[2024-06-20T15:54:05.326+0000] {processor.py:183} INFO - Processing /opt/airflow/dags/postgres_dag.py took 5.613 seconds
[2024-06-20T15:54:36.326+0000] {processor.py:161} INFO - Started process (PID=89) to work on /opt/airflow/dags/postgres_dag.py
[2024-06-20T15:54:36.356+0000] {processor.py:830} INFO - Processing file /opt/airflow/dags/postgres_dag.py for tasks to queue
[2024-06-20T15:54:36.372+0000] {logging_mixin.py:188} INFO - [2024-06-20T15:54:36.371+0000] {dagbag.py:545} INFO - Filling up the DagBag from /opt/airflow/dags/postgres_dag.py
[2024-06-20T15:54:42.081+0000] {processor.py:840} INFO - DAG(s) 'csv_to_postgres' retrieved from /opt/airflow/dags/postgres_dag.py
[2024-06-20T15:54:42.293+0000] {logging_mixin.py:188} INFO - [2024-06-20T15:54:42.288+0000] {dag.py:3096} INFO - Sync 1 DAGs
[2024-06-20T15:54:42.433+0000] {logging_mixin.py:188} INFO - [2024-06-20T15:54:42.432+0000] {dag.py:3954} INFO - Setting next_dagrun for csv_to_postgres to 2024-06-18T00:00:00+00:00, run_after=2024-06-19T00:00:00+00:00
[2024-06-20T15:54:42.738+0000] {processor.py:183} INFO - Processing /opt/airflow/dags/postgres_dag.py took 6.510 seconds
[2024-06-20T15:55:13.147+0000] {processor.py:161} INFO - Started process (PID=92) to work on /opt/airflow/dags/postgres_dag.py
[2024-06-20T15:55:13.197+0000] {processor.py:830} INFO - Processing file /opt/airflow/dags/postgres_dag.py for tasks to queue
[2024-06-20T15:55:13.203+0000] {logging_mixin.py:188} INFO - [2024-06-20T15:55:13.202+0000] {dagbag.py:545} INFO - Filling up the DagBag from /opt/airflow/dags/postgres_dag.py
[2024-06-20T15:55:15.628+0000] {processor.py:840} INFO - DAG(s) 'csv_to_postgres' retrieved from /opt/airflow/dags/postgres_dag.py
[2024-06-20T15:55:15.816+0000] {logging_mixin.py:188} INFO - [2024-06-20T15:55:15.815+0000] {dag.py:3096} INFO - Sync 1 DAGs
[2024-06-20T15:55:16.010+0000] {logging_mixin.py:188} INFO - [2024-06-20T15:55:16.009+0000] {dag.py:3954} INFO - Setting next_dagrun for csv_to_postgres to 2024-06-18T00:00:00+00:00, run_after=2024-06-19T00:00:00+00:00
[2024-06-20T15:55:16.142+0000] {processor.py:183} INFO - Processing /opt/airflow/dags/postgres_dag.py took 3.033 seconds
[2024-06-20T15:55:46.790+0000] {processor.py:161} INFO - Started process (PID=97) to work on /opt/airflow/dags/postgres_dag.py
[2024-06-20T15:55:46.803+0000] {processor.py:830} INFO - Processing file /opt/airflow/dags/postgres_dag.py for tasks to queue
[2024-06-20T15:55:46.811+0000] {logging_mixin.py:188} INFO - [2024-06-20T15:55:46.810+0000] {dagbag.py:545} INFO - Filling up the DagBag from /opt/airflow/dags/postgres_dag.py
[2024-06-20T15:55:48.869+0000] {processor.py:840} INFO - DAG(s) 'csv_to_postgres' retrieved from /opt/airflow/dags/postgres_dag.py
[2024-06-20T15:55:49.033+0000] {logging_mixin.py:188} INFO - [2024-06-20T15:55:49.032+0000] {dag.py:3096} INFO - Sync 1 DAGs
[2024-06-20T15:55:49.215+0000] {logging_mixin.py:188} INFO - [2024-06-20T15:55:49.215+0000] {dag.py:3954} INFO - Setting next_dagrun for csv_to_postgres to 2024-06-18T00:00:00+00:00, run_after=2024-06-19T00:00:00+00:00
[2024-06-20T15:55:49.380+0000] {processor.py:183} INFO - Processing /opt/airflow/dags/postgres_dag.py took 2.641 seconds
[2024-06-20T15:56:19.837+0000] {processor.py:161} INFO - Started process (PID=102) to work on /opt/airflow/dags/postgres_dag.py
[2024-06-20T15:56:19.842+0000] {processor.py:830} INFO - Processing file /opt/airflow/dags/postgres_dag.py for tasks to queue
[2024-06-20T15:56:19.850+0000] {logging_mixin.py:188} INFO - [2024-06-20T15:56:19.849+0000] {dagbag.py:545} INFO - Filling up the DagBag from /opt/airflow/dags/postgres_dag.py
[2024-06-20T15:56:24.408+0000] {processor.py:840} INFO - DAG(s) 'csv_to_postgres' retrieved from /opt/airflow/dags/postgres_dag.py
[2024-06-20T15:56:24.694+0000] {logging_mixin.py:188} INFO - [2024-06-20T15:56:24.693+0000] {dag.py:3096} INFO - Sync 1 DAGs
[2024-06-20T15:56:24.939+0000] {logging_mixin.py:188} INFO - [2024-06-20T15:56:24.939+0000] {dag.py:3954} INFO - Setting next_dagrun for csv_to_postgres to 2024-06-18T00:00:00+00:00, run_after=2024-06-19T00:00:00+00:00
[2024-06-20T15:56:25.147+0000] {processor.py:183} INFO - Processing /opt/airflow/dags/postgres_dag.py took 5.375 seconds
[2024-06-20T15:56:56.117+0000] {processor.py:161} INFO - Started process (PID=107) to work on /opt/airflow/dags/postgres_dag.py
[2024-06-20T15:56:56.154+0000] {processor.py:830} INFO - Processing file /opt/airflow/dags/postgres_dag.py for tasks to queue
[2024-06-20T15:56:56.169+0000] {logging_mixin.py:188} INFO - [2024-06-20T15:56:56.167+0000] {dagbag.py:545} INFO - Filling up the DagBag from /opt/airflow/dags/postgres_dag.py
[2024-06-20T15:56:59.800+0000] {processor.py:840} INFO - DAG(s) 'csv_to_postgres' retrieved from /opt/airflow/dags/postgres_dag.py
[2024-06-20T15:56:59.943+0000] {logging_mixin.py:188} INFO - [2024-06-20T15:56:59.942+0000] {dag.py:3096} INFO - Sync 1 DAGs
[2024-06-20T15:57:00.054+0000] {logging_mixin.py:188} INFO - [2024-06-20T15:57:00.053+0000] {dag.py:3954} INFO - Setting next_dagrun for csv_to_postgres to 2024-06-18T00:00:00+00:00, run_after=2024-06-19T00:00:00+00:00
[2024-06-20T15:57:00.481+0000] {processor.py:183} INFO - Processing /opt/airflow/dags/postgres_dag.py took 4.430 seconds
[2024-06-20T15:57:32.285+0000] {processor.py:161} INFO - Started process (PID=112) to work on /opt/airflow/dags/postgres_dag.py
[2024-06-20T15:57:32.294+0000] {processor.py:830} INFO - Processing file /opt/airflow/dags/postgres_dag.py for tasks to queue
[2024-06-20T15:57:32.316+0000] {logging_mixin.py:188} INFO - [2024-06-20T15:57:32.315+0000] {dagbag.py:545} INFO - Filling up the DagBag from /opt/airflow/dags/postgres_dag.py
[2024-06-20T15:57:38.189+0000] {processor.py:840} INFO - DAG(s) 'csv_to_postgres' retrieved from /opt/airflow/dags/postgres_dag.py
[2024-06-20T15:57:38.306+0000] {logging_mixin.py:188} INFO - [2024-06-20T15:57:38.305+0000] {dag.py:3096} INFO - Sync 1 DAGs
[2024-06-20T15:57:38.422+0000] {logging_mixin.py:188} INFO - [2024-06-20T15:57:38.421+0000] {dag.py:3954} INFO - Setting next_dagrun for csv_to_postgres to 2024-06-18T00:00:00+00:00, run_after=2024-06-19T00:00:00+00:00
[2024-06-20T15:57:38.508+0000] {processor.py:183} INFO - Processing /opt/airflow/dags/postgres_dag.py took 6.937 seconds
[2024-06-20T15:58:09.567+0000] {processor.py:161} INFO - Started process (PID=117) to work on /opt/airflow/dags/postgres_dag.py
[2024-06-20T15:58:09.570+0000] {processor.py:830} INFO - Processing file /opt/airflow/dags/postgres_dag.py for tasks to queue
[2024-06-20T15:58:09.618+0000] {logging_mixin.py:188} INFO - [2024-06-20T15:58:09.615+0000] {dagbag.py:545} INFO - Filling up the DagBag from /opt/airflow/dags/postgres_dag.py
[2024-06-20T15:58:14.865+0000] {processor.py:840} INFO - DAG(s) 'csv_to_postgres' retrieved from /opt/airflow/dags/postgres_dag.py
[2024-06-20T15:58:15.227+0000] {logging_mixin.py:188} INFO - [2024-06-20T15:58:15.216+0000] {dag.py:3096} INFO - Sync 1 DAGs
[2024-06-20T15:58:15.369+0000] {logging_mixin.py:188} INFO - [2024-06-20T15:58:15.359+0000] {dag.py:3954} INFO - Setting next_dagrun for csv_to_postgres to 2024-06-18T00:00:00+00:00, run_after=2024-06-19T00:00:00+00:00
[2024-06-20T15:58:15.485+0000] {processor.py:183} INFO - Processing /opt/airflow/dags/postgres_dag.py took 5.989 seconds
[2024-06-20T15:58:47.433+0000] {processor.py:161} INFO - Started process (PID=121) to work on /opt/airflow/dags/postgres_dag.py
[2024-06-20T15:58:47.494+0000] {processor.py:830} INFO - Processing file /opt/airflow/dags/postgres_dag.py for tasks to queue
[2024-06-20T15:58:49.230+0000] {logging_mixin.py:188} INFO - [2024-06-20T15:58:49.228+0000] {dagbag.py:545} INFO - Filling up the DagBag from /opt/airflow/dags/postgres_dag.py
[2024-06-20T15:58:57.597+0000] {processor.py:840} INFO - DAG(s) 'csv_to_postgres' retrieved from /opt/airflow/dags/postgres_dag.py
[2024-06-20T15:58:58.414+0000] {logging_mixin.py:188} INFO - [2024-06-20T15:58:58.401+0000] {dag.py:3096} INFO - Sync 1 DAGs
[2024-06-20T15:58:58.967+0000] {logging_mixin.py:188} INFO - [2024-06-20T15:58:58.955+0000] {dag.py:3954} INFO - Setting next_dagrun for csv_to_postgres to 2024-06-18T00:00:00+00:00, run_after=2024-06-19T00:00:00+00:00
[2024-06-20T15:58:59.476+0000] {processor.py:183} INFO - Processing /opt/airflow/dags/postgres_dag.py took 12.249 seconds
[2024-06-20T15:59:31.807+0000] {processor.py:161} INFO - Started process (PID=124) to work on /opt/airflow/dags/postgres_dag.py
[2024-06-20T15:59:31.856+0000] {processor.py:830} INFO - Processing file /opt/airflow/dags/postgres_dag.py for tasks to queue
[2024-06-20T15:59:31.976+0000] {logging_mixin.py:188} INFO - [2024-06-20T15:59:31.958+0000] {dagbag.py:545} INFO - Filling up the DagBag from /opt/airflow/dags/postgres_dag.py
[2024-06-20T15:59:42.873+0000] {processor.py:840} INFO - DAG(s) 'csv_to_postgres' retrieved from /opt/airflow/dags/postgres_dag.py
[2024-06-20T15:59:43.274+0000] {logging_mixin.py:188} INFO - [2024-06-20T15:59:43.273+0000] {dag.py:3096} INFO - Sync 1 DAGs
[2024-06-20T15:59:43.645+0000] {logging_mixin.py:188} INFO - [2024-06-20T15:59:43.644+0000] {dag.py:3954} INFO - Setting next_dagrun for csv_to_postgres to 2024-06-18T00:00:00+00:00, run_after=2024-06-19T00:00:00+00:00
[2024-06-20T15:59:43.929+0000] {processor.py:183} INFO - Processing /opt/airflow/dags/postgres_dag.py took 12.458 seconds
[2024-06-20T16:00:17.801+0000] {processor.py:161} INFO - Started process (PID=129) to work on /opt/airflow/dags/postgres_dag.py
[2024-06-20T16:00:17.902+0000] {processor.py:830} INFO - Processing file /opt/airflow/dags/postgres_dag.py for tasks to queue
[2024-06-20T16:00:18.263+0000] {logging_mixin.py:188} INFO - [2024-06-20T16:00:18.221+0000] {dagbag.py:545} INFO - Filling up the DagBag from /opt/airflow/dags/postgres_dag.py
[2024-06-20T16:00:34.462+0000] {processor.py:840} INFO - DAG(s) 'csv_to_postgres' retrieved from /opt/airflow/dags/postgres_dag.py
[2024-06-20T16:00:35.450+0000] {logging_mixin.py:188} INFO - [2024-06-20T16:00:35.447+0000] {dag.py:3096} INFO - Sync 1 DAGs
[2024-06-20T16:00:35.952+0000] {logging_mixin.py:188} INFO - [2024-06-20T16:00:35.952+0000] {dag.py:3954} INFO - Setting next_dagrun for csv_to_postgres to 2024-06-18T00:00:00+00:00, run_after=2024-06-19T00:00:00+00:00
[2024-06-20T16:00:36.447+0000] {processor.py:183} INFO - Processing /opt/airflow/dags/postgres_dag.py took 20.928 seconds
[2024-06-20T16:01:08.664+0000] {processor.py:161} INFO - Started process (PID=134) to work on /opt/airflow/dags/postgres_dag.py
[2024-06-20T16:01:08.795+0000] {processor.py:830} INFO - Processing file /opt/airflow/dags/postgres_dag.py for tasks to queue
[2024-06-20T16:01:09.102+0000] {logging_mixin.py:188} INFO - [2024-06-20T16:01:08.976+0000] {dagbag.py:545} INFO - Filling up the DagBag from /opt/airflow/dags/postgres_dag.py
[2024-06-20T16:01:34.429+0000] {processor.py:840} INFO - DAG(s) 'csv_to_postgres' retrieved from /opt/airflow/dags/postgres_dag.py
[2024-06-20T16:01:35.095+0000] {logging_mixin.py:188} INFO - [2024-06-20T16:01:35.094+0000] {dag.py:3096} INFO - Sync 1 DAGs
[2024-06-20T16:01:35.500+0000] {logging_mixin.py:188} INFO - [2024-06-20T16:01:35.484+0000] {dag.py:3954} INFO - Setting next_dagrun for csv_to_postgres to 2024-06-18T00:00:00+00:00, run_after=2024-06-19T00:00:00+00:00
[2024-06-20T16:01:35.911+0000] {processor.py:183} INFO - Processing /opt/airflow/dags/postgres_dag.py took 27.852 seconds
[2024-06-20T16:02:06.484+0000] {processor.py:161} INFO - Started process (PID=139) to work on /opt/airflow/dags/postgres_dag.py
[2024-06-20T16:02:06.488+0000] {processor.py:830} INFO - Processing file /opt/airflow/dags/postgres_dag.py for tasks to queue
[2024-06-20T16:02:06.521+0000] {logging_mixin.py:188} INFO - [2024-06-20T16:02:06.520+0000] {dagbag.py:545} INFO - Filling up the DagBag from /opt/airflow/dags/postgres_dag.py
[2024-06-20T16:02:14.191+0000] {processor.py:840} INFO - DAG(s) 'csv_to_postgres' retrieved from /opt/airflow/dags/postgres_dag.py
[2024-06-20T16:02:14.595+0000] {logging_mixin.py:188} INFO - [2024-06-20T16:02:14.585+0000] {dag.py:3096} INFO - Sync 1 DAGs
[2024-06-20T16:02:14.999+0000] {logging_mixin.py:188} INFO - [2024-06-20T16:02:14.998+0000] {dag.py:3954} INFO - Setting next_dagrun for csv_to_postgres to 2024-06-18T00:00:00+00:00, run_after=2024-06-19T00:00:00+00:00
[2024-06-20T16:02:15.382+0000] {processor.py:183} INFO - Processing /opt/airflow/dags/postgres_dag.py took 8.951 seconds
