[2024-06-20T15:04:22.479+0000] {processor.py:161} INFO - Started process (PID=26) to work on /opt/airflow/dags/snowflake_dag.py
[2024-06-20T15:04:22.481+0000] {processor.py:830} INFO - Processing file /opt/airflow/dags/snowflake_dag.py for tasks to queue
[2024-06-20T15:04:22.497+0000] {logging_mixin.py:188} INFO - [2024-06-20T15:04:22.496+0000] {dagbag.py:545} INFO - Filling up the DagBag from /opt/airflow/dags/snowflake_dag.py
[2024-06-20T15:04:29.197+0000] {logging_mixin.py:188} INFO - [2024-06-20T15:04:29.196+0000] {connection.py:399} INFO - Snowflake Connector for Python Version: 3.10.1, Python Version: 3.9.18, Platform: Linux-5.15.133.1-microsoft-standard-WSL2-x86_64-with-glibc2.31
[2024-06-20T15:04:29.211+0000] {logging_mixin.py:188} INFO - [2024-06-20T15:04:29.211+0000] {connection.py:1239} INFO - This connection is in OCSP Fail Open Mode. TLS Certificates would be checked for validity and revocation status. Any other Certificate Revocation related exceptions or OCSP Responder failures would be disregarded in favor of connectivity.
[2024-06-20T15:45:49.935+0000] {processor.py:161} INFO - Started process (PID=26) to work on /opt/airflow/dags/snowflake_dag.py
[2024-06-20T15:45:49.955+0000] {processor.py:830} INFO - Processing file /opt/airflow/dags/snowflake_dag.py for tasks to queue
[2024-06-20T15:45:49.974+0000] {logging_mixin.py:188} INFO - [2024-06-20T15:45:49.974+0000] {dagbag.py:545} INFO - Filling up the DagBag from /opt/airflow/dags/snowflake_dag.py
[2024-06-20T15:46:10.283+0000] {logging_mixin.py:188} INFO - [2024-06-20T15:46:10.282+0000] {connection.py:399} INFO - Snowflake Connector for Python Version: 3.10.1, Python Version: 3.9.18, Platform: Linux-5.15.133.1-microsoft-standard-WSL2-x86_64-with-glibc2.31
[2024-06-20T15:46:10.286+0000] {logging_mixin.py:188} INFO - [2024-06-20T15:46:10.285+0000] {connection.py:1239} INFO - This connection is in OCSP Fail Open Mode. TLS Certificates would be checked for validity and revocation status. Any other Certificate Revocation related exceptions or OCSP Responder failures would be disregarded in favor of connectivity.
[2024-06-20T15:46:13.350+0000] {processor.py:840} INFO - DAG(s) 'postgres_to_snowflake' retrieved from /opt/airflow/dags/snowflake_dag.py
[2024-06-20T15:46:15.515+0000] {logging_mixin.py:188} INFO - [2024-06-20T15:46:15.510+0000] {dag.py:3096} INFO - Sync 1 DAGs
[2024-06-20T15:46:15.607+0000] {logging_mixin.py:188} INFO - [2024-06-20T15:46:15.606+0000] {dag.py:3954} INFO - Setting next_dagrun for postgres_to_snowflake to 2024-06-18T00:00:00+00:00, run_after=2024-06-19T00:00:00+00:00
[2024-06-20T15:46:15.805+0000] {processor.py:183} INFO - Processing /opt/airflow/dags/snowflake_dag.py took 25.934 seconds
[2024-06-20T15:46:46.869+0000] {processor.py:161} INFO - Started process (PID=32) to work on /opt/airflow/dags/snowflake_dag.py
[2024-06-20T15:46:46.875+0000] {processor.py:830} INFO - Processing file /opt/airflow/dags/snowflake_dag.py for tasks to queue
[2024-06-20T15:46:46.887+0000] {logging_mixin.py:188} INFO - [2024-06-20T15:46:46.886+0000] {dagbag.py:545} INFO - Filling up the DagBag from /opt/airflow/dags/snowflake_dag.py
[2024-06-20T15:46:52.827+0000] {logging_mixin.py:188} INFO - [2024-06-20T15:46:52.827+0000] {connection.py:399} INFO - Snowflake Connector for Python Version: 3.10.1, Python Version: 3.9.18, Platform: Linux-5.15.133.1-microsoft-standard-WSL2-x86_64-with-glibc2.31
[2024-06-20T15:46:52.829+0000] {logging_mixin.py:188} INFO - [2024-06-20T15:46:52.829+0000] {connection.py:1239} INFO - This connection is in OCSP Fail Open Mode. TLS Certificates would be checked for validity and revocation status. Any other Certificate Revocation related exceptions or OCSP Responder failures would be disregarded in favor of connectivity.
[2024-06-20T15:46:54.065+0000] {processor.py:840} INFO - DAG(s) 'postgres_to_snowflake' retrieved from /opt/airflow/dags/snowflake_dag.py
[2024-06-20T15:46:54.170+0000] {logging_mixin.py:188} INFO - [2024-06-20T15:46:54.169+0000] {dag.py:3096} INFO - Sync 1 DAGs
[2024-06-20T15:46:54.263+0000] {logging_mixin.py:188} INFO - [2024-06-20T15:46:54.263+0000] {dag.py:3954} INFO - Setting next_dagrun for postgres_to_snowflake to 2024-06-18T00:00:00+00:00, run_after=2024-06-19T00:00:00+00:00
[2024-06-20T15:46:54.430+0000] {processor.py:183} INFO - Processing /opt/airflow/dags/snowflake_dag.py took 7.615 seconds
[2024-06-20T15:47:24.917+0000] {processor.py:161} INFO - Started process (PID=37) to work on /opt/airflow/dags/snowflake_dag.py
[2024-06-20T15:47:24.920+0000] {processor.py:830} INFO - Processing file /opt/airflow/dags/snowflake_dag.py for tasks to queue
[2024-06-20T15:47:24.934+0000] {logging_mixin.py:188} INFO - [2024-06-20T15:47:24.934+0000] {dagbag.py:545} INFO - Filling up the DagBag from /opt/airflow/dags/snowflake_dag.py
[2024-06-20T15:47:31.763+0000] {logging_mixin.py:188} INFO - [2024-06-20T15:47:31.762+0000] {connection.py:399} INFO - Snowflake Connector for Python Version: 3.10.1, Python Version: 3.9.18, Platform: Linux-5.15.133.1-microsoft-standard-WSL2-x86_64-with-glibc2.31
[2024-06-20T15:47:31.765+0000] {logging_mixin.py:188} INFO - [2024-06-20T15:47:31.764+0000] {connection.py:1239} INFO - This connection is in OCSP Fail Open Mode. TLS Certificates would be checked for validity and revocation status. Any other Certificate Revocation related exceptions or OCSP Responder failures would be disregarded in favor of connectivity.
[2024-06-20T15:47:32.718+0000] {processor.py:840} INFO - DAG(s) 'postgres_to_snowflake' retrieved from /opt/airflow/dags/snowflake_dag.py
[2024-06-20T15:47:32.774+0000] {logging_mixin.py:188} INFO - [2024-06-20T15:47:32.772+0000] {dag.py:3096} INFO - Sync 1 DAGs
[2024-06-20T15:47:32.914+0000] {logging_mixin.py:188} INFO - [2024-06-20T15:47:32.913+0000] {dag.py:3954} INFO - Setting next_dagrun for postgres_to_snowflake to 2024-06-18T00:00:00+00:00, run_after=2024-06-19T00:00:00+00:00
[2024-06-20T15:47:33.417+0000] {processor.py:183} INFO - Processing /opt/airflow/dags/snowflake_dag.py took 8.550 seconds
[2024-06-20T15:48:04.005+0000] {processor.py:161} INFO - Started process (PID=42) to work on /opt/airflow/dags/snowflake_dag.py
[2024-06-20T15:48:04.007+0000] {processor.py:830} INFO - Processing file /opt/airflow/dags/snowflake_dag.py for tasks to queue
[2024-06-20T15:48:04.024+0000] {logging_mixin.py:188} INFO - [2024-06-20T15:48:04.023+0000] {dagbag.py:545} INFO - Filling up the DagBag from /opt/airflow/dags/snowflake_dag.py
[2024-06-20T15:48:11.784+0000] {logging_mixin.py:188} INFO - [2024-06-20T15:48:11.783+0000] {connection.py:399} INFO - Snowflake Connector for Python Version: 3.10.1, Python Version: 3.9.18, Platform: Linux-5.15.133.1-microsoft-standard-WSL2-x86_64-with-glibc2.31
[2024-06-20T15:48:11.798+0000] {logging_mixin.py:188} INFO - [2024-06-20T15:48:11.798+0000] {connection.py:1239} INFO - This connection is in OCSP Fail Open Mode. TLS Certificates would be checked for validity and revocation status. Any other Certificate Revocation related exceptions or OCSP Responder failures would be disregarded in favor of connectivity.
[2024-06-20T15:48:12.831+0000] {processor.py:840} INFO - DAG(s) 'postgres_to_snowflake' retrieved from /opt/airflow/dags/snowflake_dag.py
[2024-06-20T15:48:13.610+0000] {logging_mixin.py:188} INFO - [2024-06-20T15:48:13.598+0000] {dag.py:3096} INFO - Sync 1 DAGs
[2024-06-20T15:48:13.790+0000] {logging_mixin.py:188} INFO - [2024-06-20T15:48:13.789+0000] {dag.py:3954} INFO - Setting next_dagrun for postgres_to_snowflake to 2024-06-18T00:00:00+00:00, run_after=2024-06-19T00:00:00+00:00
[2024-06-20T15:48:13.934+0000] {processor.py:183} INFO - Processing /opt/airflow/dags/snowflake_dag.py took 9.978 seconds
[2024-06-20T15:48:44.476+0000] {processor.py:161} INFO - Started process (PID=47) to work on /opt/airflow/dags/snowflake_dag.py
[2024-06-20T15:48:44.479+0000] {processor.py:830} INFO - Processing file /opt/airflow/dags/snowflake_dag.py for tasks to queue
[2024-06-20T15:48:44.578+0000] {logging_mixin.py:188} INFO - [2024-06-20T15:48:44.578+0000] {dagbag.py:545} INFO - Filling up the DagBag from /opt/airflow/dags/snowflake_dag.py
[2024-06-20T15:48:49.446+0000] {logging_mixin.py:188} INFO - [2024-06-20T15:48:49.446+0000] {connection.py:399} INFO - Snowflake Connector for Python Version: 3.10.1, Python Version: 3.9.18, Platform: Linux-5.15.133.1-microsoft-standard-WSL2-x86_64-with-glibc2.31
[2024-06-20T15:48:49.448+0000] {logging_mixin.py:188} INFO - [2024-06-20T15:48:49.448+0000] {connection.py:1239} INFO - This connection is in OCSP Fail Open Mode. TLS Certificates would be checked for validity and revocation status. Any other Certificate Revocation related exceptions or OCSP Responder failures would be disregarded in favor of connectivity.
[2024-06-20T15:48:50.939+0000] {processor.py:840} INFO - DAG(s) 'postgres_to_snowflake' retrieved from /opt/airflow/dags/snowflake_dag.py
[2024-06-20T15:48:51.085+0000] {logging_mixin.py:188} INFO - [2024-06-20T15:48:51.083+0000] {dag.py:3096} INFO - Sync 1 DAGs
[2024-06-20T15:48:51.153+0000] {logging_mixin.py:188} INFO - [2024-06-20T15:48:51.152+0000] {dag.py:3954} INFO - Setting next_dagrun for postgres_to_snowflake to 2024-06-18T00:00:00+00:00, run_after=2024-06-19T00:00:00+00:00
[2024-06-20T15:48:51.200+0000] {processor.py:183} INFO - Processing /opt/airflow/dags/snowflake_dag.py took 6.805 seconds
[2024-06-20T15:49:22.296+0000] {processor.py:161} INFO - Started process (PID=52) to work on /opt/airflow/dags/snowflake_dag.py
[2024-06-20T15:49:22.304+0000] {processor.py:830} INFO - Processing file /opt/airflow/dags/snowflake_dag.py for tasks to queue
[2024-06-20T15:49:22.327+0000] {logging_mixin.py:188} INFO - [2024-06-20T15:49:22.326+0000] {dagbag.py:545} INFO - Filling up the DagBag from /opt/airflow/dags/snowflake_dag.py
[2024-06-20T15:49:32.699+0000] {logging_mixin.py:188} INFO - [2024-06-20T15:49:32.698+0000] {connection.py:399} INFO - Snowflake Connector for Python Version: 3.10.1, Python Version: 3.9.18, Platform: Linux-5.15.133.1-microsoft-standard-WSL2-x86_64-with-glibc2.31
[2024-06-20T15:49:32.702+0000] {logging_mixin.py:188} INFO - [2024-06-20T15:49:32.701+0000] {connection.py:1239} INFO - This connection is in OCSP Fail Open Mode. TLS Certificates would be checked for validity and revocation status. Any other Certificate Revocation related exceptions or OCSP Responder failures would be disregarded in favor of connectivity.
[2024-06-20T15:49:35.235+0000] {processor.py:840} INFO - DAG(s) 'postgres_to_snowflake' retrieved from /opt/airflow/dags/snowflake_dag.py
[2024-06-20T15:49:35.576+0000] {logging_mixin.py:188} INFO - [2024-06-20T15:49:35.574+0000] {dag.py:3096} INFO - Sync 1 DAGs
[2024-06-20T15:49:35.790+0000] {logging_mixin.py:188} INFO - [2024-06-20T15:49:35.789+0000] {dag.py:3954} INFO - Setting next_dagrun for postgres_to_snowflake to 2024-06-18T00:00:00+00:00, run_after=2024-06-19T00:00:00+00:00
[2024-06-20T15:49:35.971+0000] {processor.py:183} INFO - Processing /opt/airflow/dags/snowflake_dag.py took 13.915 seconds
[2024-06-20T15:50:06.781+0000] {processor.py:161} INFO - Started process (PID=57) to work on /opt/airflow/dags/snowflake_dag.py
[2024-06-20T15:50:06.785+0000] {processor.py:830} INFO - Processing file /opt/airflow/dags/snowflake_dag.py for tasks to queue
[2024-06-20T15:50:06.811+0000] {logging_mixin.py:188} INFO - [2024-06-20T15:50:06.801+0000] {dagbag.py:545} INFO - Filling up the DagBag from /opt/airflow/dags/snowflake_dag.py
[2024-06-20T15:50:14.963+0000] {logging_mixin.py:188} INFO - [2024-06-20T15:50:14.962+0000] {connection.py:399} INFO - Snowflake Connector for Python Version: 3.10.1, Python Version: 3.9.18, Platform: Linux-5.15.133.1-microsoft-standard-WSL2-x86_64-with-glibc2.31
[2024-06-20T15:50:14.978+0000] {logging_mixin.py:188} INFO - [2024-06-20T15:50:14.972+0000] {connection.py:1239} INFO - This connection is in OCSP Fail Open Mode. TLS Certificates would be checked for validity and revocation status. Any other Certificate Revocation related exceptions or OCSP Responder failures would be disregarded in favor of connectivity.
[2024-06-20T15:50:17.147+0000] {processor.py:840} INFO - DAG(s) 'postgres_to_snowflake' retrieved from /opt/airflow/dags/snowflake_dag.py
[2024-06-20T15:50:17.352+0000] {logging_mixin.py:188} INFO - [2024-06-20T15:50:17.351+0000] {dag.py:3096} INFO - Sync 1 DAGs
[2024-06-20T15:50:17.523+0000] {logging_mixin.py:188} INFO - [2024-06-20T15:50:17.523+0000] {dag.py:3954} INFO - Setting next_dagrun for postgres_to_snowflake to 2024-06-18T00:00:00+00:00, run_after=2024-06-19T00:00:00+00:00
[2024-06-20T15:50:17.821+0000] {processor.py:183} INFO - Processing /opt/airflow/dags/snowflake_dag.py took 11.107 seconds
[2024-06-20T15:50:48.686+0000] {processor.py:161} INFO - Started process (PID=62) to work on /opt/airflow/dags/snowflake_dag.py
[2024-06-20T15:50:48.716+0000] {processor.py:830} INFO - Processing file /opt/airflow/dags/snowflake_dag.py for tasks to queue
[2024-06-20T15:50:48.740+0000] {logging_mixin.py:188} INFO - [2024-06-20T15:50:48.738+0000] {dagbag.py:545} INFO - Filling up the DagBag from /opt/airflow/dags/snowflake_dag.py
[2024-06-20T15:51:02.220+0000] {logging_mixin.py:188} INFO - [2024-06-20T15:51:02.219+0000] {connection.py:399} INFO - Snowflake Connector for Python Version: 3.10.1, Python Version: 3.9.18, Platform: Linux-5.15.133.1-microsoft-standard-WSL2-x86_64-with-glibc2.31
[2024-06-20T15:51:02.229+0000] {logging_mixin.py:188} INFO - [2024-06-20T15:51:02.228+0000] {connection.py:1239} INFO - This connection is in OCSP Fail Open Mode. TLS Certificates would be checked for validity and revocation status. Any other Certificate Revocation related exceptions or OCSP Responder failures would be disregarded in favor of connectivity.
[2024-06-20T15:51:04.014+0000] {processor.py:840} INFO - DAG(s) 'postgres_to_snowflake' retrieved from /opt/airflow/dags/snowflake_dag.py
[2024-06-20T15:51:04.328+0000] {logging_mixin.py:188} INFO - [2024-06-20T15:51:04.327+0000] {dag.py:3096} INFO - Sync 1 DAGs
[2024-06-20T15:51:04.617+0000] {logging_mixin.py:188} INFO - [2024-06-20T15:51:04.603+0000] {dag.py:3954} INFO - Setting next_dagrun for postgres_to_snowflake to 2024-06-18T00:00:00+00:00, run_after=2024-06-19T00:00:00+00:00
[2024-06-20T15:51:04.822+0000] {processor.py:183} INFO - Processing /opt/airflow/dags/snowflake_dag.py took 16.236 seconds
[2024-06-20T15:51:35.986+0000] {processor.py:161} INFO - Started process (PID=67) to work on /opt/airflow/dags/snowflake_dag.py
[2024-06-20T15:51:36.005+0000] {processor.py:830} INFO - Processing file /opt/airflow/dags/snowflake_dag.py for tasks to queue
[2024-06-20T15:51:36.038+0000] {logging_mixin.py:188} INFO - [2024-06-20T15:51:36.036+0000] {dagbag.py:545} INFO - Filling up the DagBag from /opt/airflow/dags/snowflake_dag.py
[2024-06-20T15:51:44.408+0000] {logging_mixin.py:188} INFO - [2024-06-20T15:51:44.407+0000] {connection.py:399} INFO - Snowflake Connector for Python Version: 3.10.1, Python Version: 3.9.18, Platform: Linux-5.15.133.1-microsoft-standard-WSL2-x86_64-with-glibc2.31
[2024-06-20T15:51:44.448+0000] {logging_mixin.py:188} INFO - [2024-06-20T15:51:44.447+0000] {connection.py:1239} INFO - This connection is in OCSP Fail Open Mode. TLS Certificates would be checked for validity and revocation status. Any other Certificate Revocation related exceptions or OCSP Responder failures would be disregarded in favor of connectivity.
[2024-06-20T15:51:46.381+0000] {processor.py:840} INFO - DAG(s) 'postgres_to_snowflake' retrieved from /opt/airflow/dags/snowflake_dag.py
[2024-06-20T15:51:46.644+0000] {logging_mixin.py:188} INFO - [2024-06-20T15:51:46.643+0000] {dag.py:3096} INFO - Sync 1 DAGs
[2024-06-20T15:51:46.983+0000] {logging_mixin.py:188} INFO - [2024-06-20T15:51:46.983+0000] {dag.py:3954} INFO - Setting next_dagrun for postgres_to_snowflake to 2024-06-18T00:00:00+00:00, run_after=2024-06-19T00:00:00+00:00
[2024-06-20T15:51:47.213+0000] {processor.py:183} INFO - Processing /opt/airflow/dags/snowflake_dag.py took 11.304 seconds
[2024-06-20T15:52:18.428+0000] {processor.py:161} INFO - Started process (PID=72) to work on /opt/airflow/dags/snowflake_dag.py
[2024-06-20T15:52:18.433+0000] {processor.py:830} INFO - Processing file /opt/airflow/dags/snowflake_dag.py for tasks to queue
[2024-06-20T15:52:18.449+0000] {logging_mixin.py:188} INFO - [2024-06-20T15:52:18.448+0000] {dagbag.py:545} INFO - Filling up the DagBag from /opt/airflow/dags/snowflake_dag.py
[2024-06-20T15:52:28.516+0000] {logging_mixin.py:188} INFO - [2024-06-20T15:52:28.515+0000] {connection.py:399} INFO - Snowflake Connector for Python Version: 3.10.1, Python Version: 3.9.18, Platform: Linux-5.15.133.1-microsoft-standard-WSL2-x86_64-with-glibc2.31
[2024-06-20T15:52:28.524+0000] {logging_mixin.py:188} INFO - [2024-06-20T15:52:28.523+0000] {connection.py:1239} INFO - This connection is in OCSP Fail Open Mode. TLS Certificates would be checked for validity and revocation status. Any other Certificate Revocation related exceptions or OCSP Responder failures would be disregarded in favor of connectivity.
[2024-06-20T15:52:30.356+0000] {processor.py:840} INFO - DAG(s) 'postgres_to_snowflake' retrieved from /opt/airflow/dags/snowflake_dag.py
[2024-06-20T15:52:30.633+0000] {logging_mixin.py:188} INFO - [2024-06-20T15:52:30.632+0000] {dag.py:3096} INFO - Sync 1 DAGs
[2024-06-20T15:52:30.838+0000] {logging_mixin.py:188} INFO - [2024-06-20T15:52:30.837+0000] {dag.py:3954} INFO - Setting next_dagrun for postgres_to_snowflake to 2024-06-18T00:00:00+00:00, run_after=2024-06-19T00:00:00+00:00
[2024-06-20T15:52:31.128+0000] {processor.py:183} INFO - Processing /opt/airflow/dags/snowflake_dag.py took 12.750 seconds
[2024-06-20T15:53:03.733+0000] {processor.py:161} INFO - Started process (PID=77) to work on /opt/airflow/dags/snowflake_dag.py
[2024-06-20T15:53:03.752+0000] {processor.py:830} INFO - Processing file /opt/airflow/dags/snowflake_dag.py for tasks to queue
[2024-06-20T15:53:03.787+0000] {logging_mixin.py:188} INFO - [2024-06-20T15:53:03.786+0000] {dagbag.py:545} INFO - Filling up the DagBag from /opt/airflow/dags/snowflake_dag.py
[2024-06-20T15:53:12.466+0000] {logging_mixin.py:188} INFO - [2024-06-20T15:53:12.465+0000] {connection.py:399} INFO - Snowflake Connector for Python Version: 3.10.1, Python Version: 3.9.18, Platform: Linux-5.15.133.1-microsoft-standard-WSL2-x86_64-with-glibc2.31
[2024-06-20T15:53:12.473+0000] {logging_mixin.py:188} INFO - [2024-06-20T15:53:12.472+0000] {connection.py:1239} INFO - This connection is in OCSP Fail Open Mode. TLS Certificates would be checked for validity and revocation status. Any other Certificate Revocation related exceptions or OCSP Responder failures would be disregarded in favor of connectivity.
[2024-06-20T15:53:14.015+0000] {processor.py:840} INFO - DAG(s) 'postgres_to_snowflake' retrieved from /opt/airflow/dags/snowflake_dag.py
[2024-06-20T15:53:14.321+0000] {logging_mixin.py:188} INFO - [2024-06-20T15:53:14.311+0000] {dag.py:3096} INFO - Sync 1 DAGs
[2024-06-20T15:53:14.554+0000] {logging_mixin.py:188} INFO - [2024-06-20T15:53:14.554+0000] {dag.py:3954} INFO - Setting next_dagrun for postgres_to_snowflake to 2024-06-18T00:00:00+00:00, run_after=2024-06-19T00:00:00+00:00
[2024-06-20T15:53:14.790+0000] {processor.py:183} INFO - Processing /opt/airflow/dags/snowflake_dag.py took 11.129 seconds
[2024-06-20T15:53:45.957+0000] {processor.py:161} INFO - Started process (PID=82) to work on /opt/airflow/dags/snowflake_dag.py
[2024-06-20T15:53:45.961+0000] {processor.py:830} INFO - Processing file /opt/airflow/dags/snowflake_dag.py for tasks to queue
[2024-06-20T15:53:45.982+0000] {logging_mixin.py:188} INFO - [2024-06-20T15:53:45.980+0000] {dagbag.py:545} INFO - Filling up the DagBag from /opt/airflow/dags/snowflake_dag.py
[2024-06-20T15:53:54.881+0000] {logging_mixin.py:188} INFO - [2024-06-20T15:53:54.879+0000] {connection.py:399} INFO - Snowflake Connector for Python Version: 3.10.1, Python Version: 3.9.18, Platform: Linux-5.15.133.1-microsoft-standard-WSL2-x86_64-with-glibc2.31
[2024-06-20T15:53:54.895+0000] {logging_mixin.py:188} INFO - [2024-06-20T15:53:54.894+0000] {connection.py:1239} INFO - This connection is in OCSP Fail Open Mode. TLS Certificates would be checked for validity and revocation status. Any other Certificate Revocation related exceptions or OCSP Responder failures would be disregarded in favor of connectivity.
[2024-06-20T15:53:59.913+0000] {processor.py:840} INFO - DAG(s) 'postgres_to_snowflake' retrieved from /opt/airflow/dags/snowflake_dag.py
[2024-06-20T15:54:00.169+0000] {logging_mixin.py:188} INFO - [2024-06-20T15:54:00.157+0000] {dag.py:3096} INFO - Sync 1 DAGs
[2024-06-20T15:54:00.436+0000] {logging_mixin.py:188} INFO - [2024-06-20T15:54:00.425+0000] {dag.py:3954} INFO - Setting next_dagrun for postgres_to_snowflake to 2024-06-18T00:00:00+00:00, run_after=2024-06-19T00:00:00+00:00
[2024-06-20T15:54:00.781+0000] {processor.py:183} INFO - Processing /opt/airflow/dags/snowflake_dag.py took 14.883 seconds
[2024-06-20T15:54:31.557+0000] {processor.py:161} INFO - Started process (PID=87) to work on /opt/airflow/dags/snowflake_dag.py
[2024-06-20T15:54:31.560+0000] {processor.py:830} INFO - Processing file /opt/airflow/dags/snowflake_dag.py for tasks to queue
[2024-06-20T15:54:31.564+0000] {logging_mixin.py:188} INFO - [2024-06-20T15:54:31.564+0000] {dagbag.py:545} INFO - Filling up the DagBag from /opt/airflow/dags/snowflake_dag.py
[2024-06-20T15:54:41.349+0000] {logging_mixin.py:188} INFO - [2024-06-20T15:54:41.348+0000] {connection.py:399} INFO - Snowflake Connector for Python Version: 3.10.1, Python Version: 3.9.18, Platform: Linux-5.15.133.1-microsoft-standard-WSL2-x86_64-with-glibc2.31
[2024-06-20T15:54:41.366+0000] {logging_mixin.py:188} INFO - [2024-06-20T15:54:41.365+0000] {connection.py:1239} INFO - This connection is in OCSP Fail Open Mode. TLS Certificates would be checked for validity and revocation status. Any other Certificate Revocation related exceptions or OCSP Responder failures would be disregarded in favor of connectivity.
[2024-06-20T15:54:43.821+0000] {processor.py:840} INFO - DAG(s) 'postgres_to_snowflake' retrieved from /opt/airflow/dags/snowflake_dag.py
[2024-06-20T15:54:44.071+0000] {logging_mixin.py:188} INFO - [2024-06-20T15:54:44.069+0000] {dag.py:3096} INFO - Sync 1 DAGs
[2024-06-20T15:54:44.279+0000] {logging_mixin.py:188} INFO - [2024-06-20T15:54:44.279+0000] {dag.py:3954} INFO - Setting next_dagrun for postgres_to_snowflake to 2024-06-18T00:00:00+00:00, run_after=2024-06-19T00:00:00+00:00
[2024-06-20T15:54:44.513+0000] {processor.py:183} INFO - Processing /opt/airflow/dags/snowflake_dag.py took 12.974 seconds
[2024-06-20T15:55:15.351+0000] {processor.py:161} INFO - Started process (PID=94) to work on /opt/airflow/dags/snowflake_dag.py
[2024-06-20T15:55:15.359+0000] {processor.py:830} INFO - Processing file /opt/airflow/dags/snowflake_dag.py for tasks to queue
[2024-06-20T15:55:15.378+0000] {logging_mixin.py:188} INFO - [2024-06-20T15:55:15.378+0000] {dagbag.py:545} INFO - Filling up the DagBag from /opt/airflow/dags/snowflake_dag.py
[2024-06-20T15:55:18.009+0000] {logging_mixin.py:188} INFO - [2024-06-20T15:55:18.008+0000] {connection.py:399} INFO - Snowflake Connector for Python Version: 3.10.1, Python Version: 3.9.18, Platform: Linux-5.15.133.1-microsoft-standard-WSL2-x86_64-with-glibc2.31
[2024-06-20T15:55:18.010+0000] {logging_mixin.py:188} INFO - [2024-06-20T15:55:18.010+0000] {connection.py:1239} INFO - This connection is in OCSP Fail Open Mode. TLS Certificates would be checked for validity and revocation status. Any other Certificate Revocation related exceptions or OCSP Responder failures would be disregarded in favor of connectivity.
[2024-06-20T15:55:18.974+0000] {processor.py:840} INFO - DAG(s) 'postgres_to_snowflake' retrieved from /opt/airflow/dags/snowflake_dag.py
[2024-06-20T15:55:19.061+0000] {logging_mixin.py:188} INFO - [2024-06-20T15:55:19.060+0000] {dag.py:3096} INFO - Sync 1 DAGs
[2024-06-20T15:55:19.105+0000] {logging_mixin.py:188} INFO - [2024-06-20T15:55:19.105+0000] {dag.py:3954} INFO - Setting next_dagrun for postgres_to_snowflake to 2024-06-18T00:00:00+00:00, run_after=2024-06-19T00:00:00+00:00
[2024-06-20T15:55:19.187+0000] {processor.py:183} INFO - Processing /opt/airflow/dags/snowflake_dag.py took 3.873 seconds
[2024-06-20T15:55:49.630+0000] {processor.py:161} INFO - Started process (PID=99) to work on /opt/airflow/dags/snowflake_dag.py
[2024-06-20T15:55:49.633+0000] {processor.py:830} INFO - Processing file /opt/airflow/dags/snowflake_dag.py for tasks to queue
[2024-06-20T15:55:49.645+0000] {logging_mixin.py:188} INFO - [2024-06-20T15:55:49.644+0000] {dagbag.py:545} INFO - Filling up the DagBag from /opt/airflow/dags/snowflake_dag.py
[2024-06-20T15:55:51.710+0000] {logging_mixin.py:188} INFO - [2024-06-20T15:55:51.709+0000] {connection.py:399} INFO - Snowflake Connector for Python Version: 3.10.1, Python Version: 3.9.18, Platform: Linux-5.15.133.1-microsoft-standard-WSL2-x86_64-with-glibc2.31
[2024-06-20T15:55:51.711+0000] {logging_mixin.py:188} INFO - [2024-06-20T15:55:51.711+0000] {connection.py:1239} INFO - This connection is in OCSP Fail Open Mode. TLS Certificates would be checked for validity and revocation status. Any other Certificate Revocation related exceptions or OCSP Responder failures would be disregarded in favor of connectivity.
[2024-06-20T15:55:52.899+0000] {processor.py:840} INFO - DAG(s) 'postgres_to_snowflake' retrieved from /opt/airflow/dags/snowflake_dag.py
[2024-06-20T15:55:53.060+0000] {logging_mixin.py:188} INFO - [2024-06-20T15:55:53.060+0000] {dag.py:3096} INFO - Sync 1 DAGs
[2024-06-20T15:55:53.112+0000] {logging_mixin.py:188} INFO - [2024-06-20T15:55:53.112+0000] {dag.py:3954} INFO - Setting next_dagrun for postgres_to_snowflake to 2024-06-18T00:00:00+00:00, run_after=2024-06-19T00:00:00+00:00
[2024-06-20T15:55:53.161+0000] {processor.py:183} INFO - Processing /opt/airflow/dags/snowflake_dag.py took 3.574 seconds
[2024-06-20T15:56:24.179+0000] {processor.py:161} INFO - Started process (PID=104) to work on /opt/airflow/dags/snowflake_dag.py
[2024-06-20T15:56:24.193+0000] {processor.py:830} INFO - Processing file /opt/airflow/dags/snowflake_dag.py for tasks to queue
[2024-06-20T15:56:24.199+0000] {logging_mixin.py:188} INFO - [2024-06-20T15:56:24.198+0000] {dagbag.py:545} INFO - Filling up the DagBag from /opt/airflow/dags/snowflake_dag.py
[2024-06-20T15:56:31.898+0000] {logging_mixin.py:188} INFO - [2024-06-20T15:56:31.896+0000] {connection.py:399} INFO - Snowflake Connector for Python Version: 3.10.1, Python Version: 3.9.18, Platform: Linux-5.15.133.1-microsoft-standard-WSL2-x86_64-with-glibc2.31
[2024-06-20T15:56:31.915+0000] {logging_mixin.py:188} INFO - [2024-06-20T15:56:31.915+0000] {connection.py:1239} INFO - This connection is in OCSP Fail Open Mode. TLS Certificates would be checked for validity and revocation status. Any other Certificate Revocation related exceptions or OCSP Responder failures would be disregarded in favor of connectivity.
[2024-06-20T15:56:32.963+0000] {processor.py:840} INFO - DAG(s) 'postgres_to_snowflake' retrieved from /opt/airflow/dags/snowflake_dag.py
[2024-06-20T15:56:33.055+0000] {logging_mixin.py:188} INFO - [2024-06-20T15:56:33.054+0000] {dag.py:3096} INFO - Sync 1 DAGs
[2024-06-20T15:56:33.117+0000] {logging_mixin.py:188} INFO - [2024-06-20T15:56:33.117+0000] {dag.py:3954} INFO - Setting next_dagrun for postgres_to_snowflake to 2024-06-18T00:00:00+00:00, run_after=2024-06-19T00:00:00+00:00
[2024-06-20T15:56:33.272+0000] {processor.py:183} INFO - Processing /opt/airflow/dags/snowflake_dag.py took 9.142 seconds
[2024-06-20T15:57:04.403+0000] {processor.py:161} INFO - Started process (PID=109) to work on /opt/airflow/dags/snowflake_dag.py
[2024-06-20T15:57:04.478+0000] {processor.py:830} INFO - Processing file /opt/airflow/dags/snowflake_dag.py for tasks to queue
[2024-06-20T15:57:04.517+0000] {logging_mixin.py:188} INFO - [2024-06-20T15:57:04.516+0000] {dagbag.py:545} INFO - Filling up the DagBag from /opt/airflow/dags/snowflake_dag.py
[2024-06-20T15:57:09.678+0000] {logging_mixin.py:188} INFO - [2024-06-20T15:57:09.677+0000] {connection.py:399} INFO - Snowflake Connector for Python Version: 3.10.1, Python Version: 3.9.18, Platform: Linux-5.15.133.1-microsoft-standard-WSL2-x86_64-with-glibc2.31
[2024-06-20T15:57:09.682+0000] {logging_mixin.py:188} INFO - [2024-06-20T15:57:09.681+0000] {connection.py:1239} INFO - This connection is in OCSP Fail Open Mode. TLS Certificates would be checked for validity and revocation status. Any other Certificate Revocation related exceptions or OCSP Responder failures would be disregarded in favor of connectivity.
[2024-06-20T15:57:11.384+0000] {processor.py:840} INFO - DAG(s) 'postgres_to_snowflake' retrieved from /opt/airflow/dags/snowflake_dag.py
[2024-06-20T15:57:11.577+0000] {logging_mixin.py:188} INFO - [2024-06-20T15:57:11.577+0000] {dag.py:3096} INFO - Sync 1 DAGs
[2024-06-20T15:57:11.694+0000] {logging_mixin.py:188} INFO - [2024-06-20T15:57:11.694+0000] {dag.py:3954} INFO - Setting next_dagrun for postgres_to_snowflake to 2024-06-18T00:00:00+00:00, run_after=2024-06-19T00:00:00+00:00
[2024-06-20T15:57:11.833+0000] {processor.py:183} INFO - Processing /opt/airflow/dags/snowflake_dag.py took 7.455 seconds
[2024-06-20T15:57:43.708+0000] {processor.py:161} INFO - Started process (PID=114) to work on /opt/airflow/dags/snowflake_dag.py
[2024-06-20T15:57:43.717+0000] {processor.py:830} INFO - Processing file /opt/airflow/dags/snowflake_dag.py for tasks to queue
[2024-06-20T15:57:43.748+0000] {logging_mixin.py:188} INFO - [2024-06-20T15:57:43.744+0000] {dagbag.py:545} INFO - Filling up the DagBag from /opt/airflow/dags/snowflake_dag.py
[2024-06-20T15:58:01.499+0000] {logging_mixin.py:188} INFO - [2024-06-20T15:58:01.498+0000] {connection.py:399} INFO - Snowflake Connector for Python Version: 3.10.1, Python Version: 3.9.18, Platform: Linux-5.15.133.1-microsoft-standard-WSL2-x86_64-with-glibc2.31
[2024-06-20T15:58:01.513+0000] {logging_mixin.py:188} INFO - [2024-06-20T15:58:01.512+0000] {connection.py:1239} INFO - This connection is in OCSP Fail Open Mode. TLS Certificates would be checked for validity and revocation status. Any other Certificate Revocation related exceptions or OCSP Responder failures would be disregarded in favor of connectivity.
[2024-06-20T15:58:07.922+0000] {processor.py:840} INFO - DAG(s) 'postgres_to_snowflake' retrieved from /opt/airflow/dags/snowflake_dag.py
[2024-06-20T15:58:08.066+0000] {logging_mixin.py:188} INFO - [2024-06-20T15:58:08.064+0000] {dag.py:3096} INFO - Sync 1 DAGs
[2024-06-20T15:58:08.141+0000] {logging_mixin.py:188} INFO - [2024-06-20T15:58:08.141+0000] {dag.py:3954} INFO - Setting next_dagrun for postgres_to_snowflake to 2024-06-18T00:00:00+00:00, run_after=2024-06-19T00:00:00+00:00
[2024-06-20T15:58:08.271+0000] {processor.py:183} INFO - Processing /opt/airflow/dags/snowflake_dag.py took 24.894 seconds
[2024-06-20T15:58:42.059+0000] {processor.py:161} INFO - Started process (PID=119) to work on /opt/airflow/dags/snowflake_dag.py
[2024-06-20T15:58:42.078+0000] {processor.py:830} INFO - Processing file /opt/airflow/dags/snowflake_dag.py for tasks to queue
[2024-06-20T15:58:42.284+0000] {logging_mixin.py:188} INFO - [2024-06-20T15:58:42.253+0000] {dagbag.py:545} INFO - Filling up the DagBag from /opt/airflow/dags/snowflake_dag.py
[2024-06-20T15:59:07.288+0000] {logging_mixin.py:188} INFO - [2024-06-20T15:59:07.287+0000] {connection.py:399} INFO - Snowflake Connector for Python Version: 3.10.1, Python Version: 3.9.18, Platform: Linux-5.15.133.1-microsoft-standard-WSL2-x86_64-with-glibc2.31
[2024-06-20T15:59:07.318+0000] {logging_mixin.py:188} INFO - [2024-06-20T15:59:07.318+0000] {connection.py:1239} INFO - This connection is in OCSP Fail Open Mode. TLS Certificates would be checked for validity and revocation status. Any other Certificate Revocation related exceptions or OCSP Responder failures would be disregarded in favor of connectivity.
[2024-06-20T15:59:09.730+0000] {processor.py:840} INFO - DAG(s) 'postgres_to_snowflake' retrieved from /opt/airflow/dags/snowflake_dag.py
[2024-06-20T15:59:10.219+0000] {logging_mixin.py:188} INFO - [2024-06-20T15:59:10.218+0000] {dag.py:3096} INFO - Sync 1 DAGs
[2024-06-20T15:59:10.478+0000] {logging_mixin.py:188} INFO - [2024-06-20T15:59:10.477+0000] {dag.py:3954} INFO - Setting next_dagrun for postgres_to_snowflake to 2024-06-18T00:00:00+00:00, run_after=2024-06-19T00:00:00+00:00
[2024-06-20T15:59:10.894+0000] {processor.py:183} INFO - Processing /opt/airflow/dags/snowflake_dag.py took 29.151 seconds
[2024-06-20T15:59:43.324+0000] {processor.py:161} INFO - Started process (PID=126) to work on /opt/airflow/dags/snowflake_dag.py
[2024-06-20T15:59:43.404+0000] {processor.py:830} INFO - Processing file /opt/airflow/dags/snowflake_dag.py for tasks to queue
[2024-06-20T15:59:43.535+0000] {logging_mixin.py:188} INFO - [2024-06-20T15:59:43.504+0000] {dagbag.py:545} INFO - Filling up the DagBag from /opt/airflow/dags/snowflake_dag.py
[2024-06-20T15:59:56.815+0000] {logging_mixin.py:188} INFO - [2024-06-20T15:59:56.814+0000] {connection.py:399} INFO - Snowflake Connector for Python Version: 3.10.1, Python Version: 3.9.18, Platform: Linux-5.15.133.1-microsoft-standard-WSL2-x86_64-with-glibc2.31
[2024-06-20T15:59:56.829+0000] {logging_mixin.py:188} INFO - [2024-06-20T15:59:56.828+0000] {connection.py:1239} INFO - This connection is in OCSP Fail Open Mode. TLS Certificates would be checked for validity and revocation status. Any other Certificate Revocation related exceptions or OCSP Responder failures would be disregarded in favor of connectivity.
[2024-06-20T15:59:59.192+0000] {processor.py:840} INFO - DAG(s) 'postgres_to_snowflake' retrieved from /opt/airflow/dags/snowflake_dag.py
[2024-06-20T15:59:59.672+0000] {logging_mixin.py:188} INFO - [2024-06-20T15:59:59.657+0000] {dag.py:3096} INFO - Sync 1 DAGs
[2024-06-20T16:00:00.152+0000] {logging_mixin.py:188} INFO - [2024-06-20T16:00:00.150+0000] {dag.py:3954} INFO - Setting next_dagrun for postgres_to_snowflake to 2024-06-18T00:00:00+00:00, run_after=2024-06-19T00:00:00+00:00
[2024-06-20T16:00:00.482+0000] {processor.py:183} INFO - Processing /opt/airflow/dags/snowflake_dag.py took 17.689 seconds
[2024-06-20T16:00:33.575+0000] {processor.py:161} INFO - Started process (PID=131) to work on /opt/airflow/dags/snowflake_dag.py
[2024-06-20T16:00:33.622+0000] {processor.py:830} INFO - Processing file /opt/airflow/dags/snowflake_dag.py for tasks to queue
[2024-06-20T16:00:34.011+0000] {logging_mixin.py:188} INFO - [2024-06-20T16:00:33.980+0000] {dagbag.py:545} INFO - Filling up the DagBag from /opt/airflow/dags/snowflake_dag.py
[2024-06-20T16:01:04.675+0000] {logging_mixin.py:188} INFO - [2024-06-20T16:01:04.672+0000] {timeout.py:68} ERROR - Process timed out, PID: 131
[2024-06-20T16:01:36.186+0000] {processor.py:161} INFO - Started process (PID=136) to work on /opt/airflow/dags/snowflake_dag.py
[2024-06-20T16:01:36.196+0000] {processor.py:830} INFO - Processing file /opt/airflow/dags/snowflake_dag.py for tasks to queue
[2024-06-20T16:01:36.238+0000] {logging_mixin.py:188} INFO - [2024-06-20T16:01:36.237+0000] {dagbag.py:545} INFO - Filling up the DagBag from /opt/airflow/dags/snowflake_dag.py
[2024-06-20T16:01:47.108+0000] {logging_mixin.py:188} INFO - [2024-06-20T16:01:47.105+0000] {connection.py:399} INFO - Snowflake Connector for Python Version: 3.10.1, Python Version: 3.9.18, Platform: Linux-5.15.133.1-microsoft-standard-WSL2-x86_64-with-glibc2.31
[2024-06-20T16:01:47.122+0000] {logging_mixin.py:188} INFO - [2024-06-20T16:01:47.121+0000] {connection.py:1239} INFO - This connection is in OCSP Fail Open Mode. TLS Certificates would be checked for validity and revocation status. Any other Certificate Revocation related exceptions or OCSP Responder failures would be disregarded in favor of connectivity.
[2024-06-20T16:01:49.384+0000] {processor.py:840} INFO - DAG(s) 'postgres_to_snowflake' retrieved from /opt/airflow/dags/snowflake_dag.py
[2024-06-20T16:01:49.636+0000] {logging_mixin.py:188} INFO - [2024-06-20T16:01:49.616+0000] {dag.py:3096} INFO - Sync 1 DAGs
[2024-06-20T16:01:49.820+0000] {logging_mixin.py:188} INFO - [2024-06-20T16:01:49.818+0000] {dag.py:3954} INFO - Setting next_dagrun for postgres_to_snowflake to 2024-06-18T00:00:00+00:00, run_after=2024-06-19T00:00:00+00:00
[2024-06-20T16:01:50.061+0000] {processor.py:183} INFO - Processing /opt/airflow/dags/snowflake_dag.py took 13.945 seconds
[2024-06-20T16:02:20.988+0000] {processor.py:161} INFO - Started process (PID=141) to work on /opt/airflow/dags/snowflake_dag.py
[2024-06-20T16:02:21.028+0000] {processor.py:830} INFO - Processing file /opt/airflow/dags/snowflake_dag.py for tasks to queue
[2024-06-20T16:02:21.089+0000] {logging_mixin.py:188} INFO - [2024-06-20T16:02:21.088+0000] {dagbag.py:545} INFO - Filling up the DagBag from /opt/airflow/dags/snowflake_dag.py
